2025-07-20 11:33:05.447 [TestNG-test-Text Box Tests-1] INFO  com.automation.demo.tests.BaseTest - Initializing Webdriver ...
2025-07-20 11:33:19.331 [TestNG-test-Text Box Tests-1] INFO  com.automation.demo.pageobjects.TextBoxPage - Entering email: ujjawal@example.com
2025-07-20 11:33:19.792 [TestNG-test-Text Box Tests-1] INFO  com.automation.demo.pageobjects.TextBoxPage - Clicking the submit button 
2025-07-20 11:33:20.283 [TestNG-test-Text Box Tests-1] INFO  com.automation.demo.tests.BaseTest - Quitting Webdriver...
2025-07-20 11:33:21.787 [TestNG-test-Text Box Tests-1] INFO  com.automation.demo.tests.BaseTest - Initializing Webdriver ...
2025-07-20 11:33:50.643 [TestNG-test-Text Box Tests-1] INFO  com.automation.demo.pageobjects.TextBoxPage - Entering email: john@example.com
2025-07-20 11:33:51.230 [TestNG-test-Text Box Tests-1] INFO  com.automation.demo.pageobjects.TextBoxPage - Clicking the submit button 
2025-07-20 11:33:51.529 [TestNG-test-Text Box Tests-1] INFO  com.automation.demo.tests.BaseTest - Quitting Webdriver...
2025-07-20 16:17:55.574 [TestNG-test-Text Box Tests-1] INFO  com.automation.demo.utils.DriverFactory - chrome browser is selected for execution
2025-07-20 16:18:01.698 [TestNG-test-Text Box Tests-1] INFO  com.automation.demo.tests.BaseTest - Webdriver initialized for browser: chrome
2025-07-20 16:18:29.951 [TestNG-test-Text Box Tests-1] INFO  com.automation.demo.pageobjects.TextBoxPage - Entering email: ujjawal@example.com
2025-07-20 16:18:30.402 [TestNG-test-Text Box Tests-1] INFO  com.automation.demo.pageobjects.TextBoxPage - Clicking the submit button 
2025-07-20 16:18:30.552 [TestNG-test-Text Box Tests-1] INFO  com.automation.demo.tests.BaseTest - Closing the browser
2025-07-20 16:18:31.321 [TestNG-test-Text Box Tests-1] INFO  com.automation.demo.tests.BaseTest - Browser closed and driver unloaded
2025-07-20 16:18:31.321 [TestNG-test-Text Box Tests-1] INFO  com.automation.demo.utils.DriverFactory - chrome browser is selected for execution
2025-07-20 16:18:35.381 [TestNG-test-Text Box Tests-1] INFO  com.automation.demo.tests.BaseTest - Webdriver initialized for browser: chrome
2025-07-20 16:18:39.494 [TestNG-test-Text Box Tests-1] INFO  com.automation.demo.pageobjects.TextBoxPage - Entering email: john@example.com
2025-07-20 16:18:40.255 [TestNG-test-Text Box Tests-1] INFO  com.automation.demo.pageobjects.TextBoxPage - Clicking the submit button 
2025-07-20 16:18:40.538 [TestNG-test-Text Box Tests-1] INFO  com.automation.demo.tests.BaseTest - Closing the browser
2025-07-20 16:18:41.775 [TestNG-test-Text Box Tests-1] INFO  com.automation.demo.tests.BaseTest - Browser closed and driver unloaded
2025-07-20 17:08:09.330 [TestNG-test-Text Box Tests-1] INFO  com.automation.demo.utils.DriverFactory - chrome browser is selected for execution
2025-07-20 17:08:15.149 [TestNG-test-Text Box Tests-1] INFO  com.automation.demo.tests.BaseTest - Webdriver initialized for browser: chrome
2025-07-20 17:08:26.767 [TestNG-test-Text Box Tests-1] INFO  com.automation.demo.pageobjects.TextBoxPage - Entering email: ujjawal@example.com
2025-07-20 17:08:27.147 [TestNG-test-Text Box Tests-1] INFO  com.automation.demo.pageobjects.TextBoxPage - Clicking the submit button 
2025-07-20 17:08:27.324 [TestNG-test-Text Box Tests-1] INFO  com.automation.demo.tests.BaseTest - Closing the browser
2025-07-20 17:08:28.025 [TestNG-test-Text Box Tests-1] INFO  com.automation.demo.tests.BaseTest - Browser closed and driver unloaded
2025-07-20 17:08:28.025 [TestNG-test-Text Box Tests-1] INFO  com.automation.demo.utils.DriverFactory - chrome browser is selected for execution
2025-07-20 17:08:32.438 [TestNG-test-Text Box Tests-1] INFO  com.automation.demo.tests.BaseTest - Webdriver initialized for browser: chrome
2025-07-20 17:08:45.476 [TestNG-test-Text Box Tests-1] INFO  com.automation.demo.pageobjects.TextBoxPage - Entering email: john@example.com
2025-07-20 17:08:45.793 [TestNG-test-Text Box Tests-1] INFO  com.automation.demo.pageobjects.TextBoxPage - Clicking the submit button 
2025-07-20 17:08:45.959 [TestNG-test-Text Box Tests-1] INFO  com.automation.demo.tests.BaseTest - Closing the browser
2025-07-20 17:08:46.750 [TestNG-test-Text Box Tests-1] INFO  com.automation.demo.tests.BaseTest - Browser closed and driver unloaded
2025-07-20 21:54:34.908 [TestNG-test-Text Box Tests-1] INFO  com.automation.demo.utils.ConfigReader - Successfully loaded configuration from: config.properties
2025-07-20 21:54:34.912 [TestNG-test-Text Box Tests-1] DEBUG com.automation.demo.tests.BaseTest - Browser selected from config.properties: chrome # <-- Add this line for the default browser
2025-07-20 21:54:34.942 [TestNG-test-Text Box Tests-1] INFO  com.automation.demo.utils.DriverFactory - chrome # <-- Add this line for the default browser browser is selected for execution
2025-07-20 21:54:34.942 [TestNG-test-Text Box Tests-1] ERROR com.automation.demo.utils.DriverFactory - Unsupported browser: chrome # <-- Add this line for the default browser
2025-07-20 21:54:35.002 [TestNG-test-Text Box Tests-1] DEBUG com.automation.demo.tests.BaseTest - Browser selected from config.properties: chrome # <-- Add this line for the default browser
2025-07-20 21:54:35.002 [TestNG-test-Text Box Tests-1] INFO  com.automation.demo.utils.DriverFactory - chrome # <-- Add this line for the default browser browser is selected for execution
2025-07-20 21:54:35.003 [TestNG-test-Text Box Tests-1] ERROR com.automation.demo.utils.DriverFactory - Unsupported browser: chrome # <-- Add this line for the default browser
2025-07-20 21:54:35.012 [TestNG-test-Text Box Tests-1] DEBUG com.automation.demo.tests.BaseTest - Browser selected from config.properties: chrome # <-- Add this line for the default browser
2025-07-20 21:54:35.013 [TestNG-test-Text Box Tests-1] INFO  com.automation.demo.utils.DriverFactory - chrome # <-- Add this line for the default browser browser is selected for execution
2025-07-20 21:54:35.013 [TestNG-test-Text Box Tests-1] ERROR com.automation.demo.utils.DriverFactory - Unsupported browser: chrome # <-- Add this line for the default browser
2025-07-20 21:54:35.027 [TestNG-test-Text Box Tests-1] DEBUG com.automation.demo.tests.BaseTest - Browser selected from config.properties: chrome # <-- Add this line for the default browser
2025-07-20 21:54:35.027 [TestNG-test-Text Box Tests-1] INFO  com.automation.demo.utils.DriverFactory - chrome # <-- Add this line for the default browser browser is selected for execution
2025-07-20 21:54:35.027 [TestNG-test-Text Box Tests-1] ERROR com.automation.demo.utils.DriverFactory - Unsupported browser: chrome # <-- Add this line for the default browser
2025-07-20 22:06:23.422 [TestNG-test-Text Box Tests-1] INFO  com.automation.demo.utils.ConfigReader - Successfully loaded configuration from: config.properties
2025-07-20 22:06:23.430 [TestNG-test-Text Box Tests-1] DEBUG com.automation.demo.tests.BaseTest - Browser selected from config.properties: chrome # <-- Add this line for the default browser
2025-07-20 22:06:23.436 [TestNG-test-Text Box Tests-1] INFO  com.automation.demo.utils.DriverFactory - chrome # <-- Add this line for the default browser browser is selected for execution
2025-07-20 22:06:23.437 [TestNG-test-Text Box Tests-1] ERROR com.automation.demo.utils.DriverFactory - Unsupported browser: chrome # <-- Add this line for the default browser
2025-07-20 22:06:23.563 [TestNG-test-Text Box Tests-1] DEBUG com.automation.demo.tests.BaseTest - Browser selected from config.properties: chrome # <-- Add this line for the default browser
2025-07-20 22:06:23.565 [TestNG-test-Text Box Tests-1] INFO  com.automation.demo.utils.DriverFactory - chrome # <-- Add this line for the default browser browser is selected for execution
2025-07-20 22:06:23.565 [TestNG-test-Text Box Tests-1] ERROR com.automation.demo.utils.DriverFactory - Unsupported browser: chrome # <-- Add this line for the default browser
2025-07-20 22:06:23.594 [TestNG-test-Text Box Tests-1] DEBUG com.automation.demo.tests.BaseTest - Browser selected from config.properties: chrome # <-- Add this line for the default browser
2025-07-20 22:06:23.595 [TestNG-test-Text Box Tests-1] INFO  com.automation.demo.utils.DriverFactory - chrome # <-- Add this line for the default browser browser is selected for execution
2025-07-20 22:06:23.595 [TestNG-test-Text Box Tests-1] ERROR com.automation.demo.utils.DriverFactory - Unsupported browser: chrome # <-- Add this line for the default browser
2025-07-20 22:06:23.619 [TestNG-test-Text Box Tests-1] DEBUG com.automation.demo.tests.BaseTest - Browser selected from config.properties: chrome # <-- Add this line for the default browser
2025-07-20 22:06:23.619 [TestNG-test-Text Box Tests-1] INFO  com.automation.demo.utils.DriverFactory - chrome # <-- Add this line for the default browser browser is selected for execution
2025-07-20 22:06:23.619 [TestNG-test-Text Box Tests-1] ERROR com.automation.demo.utils.DriverFactory - Unsupported browser: chrome # <-- Add this line for the default browser
2025-07-20 22:09:53.448 [TestNG-test-Text Box Tests-1] INFO  com.automation.demo.utils.ConfigReader - Successfully loaded configuration from: config.properties
2025-07-20 22:11:47.976 [TestNG-test-Text Box Tests-1] DEBUG com.automation.demo.tests.BaseTest - Browser selected from config.properties: chrome # <-- Add this line for the default browser
2025-07-20 22:11:48.018 [TestNG-test-Text Box Tests-1] INFO  com.automation.demo.utils.DriverFactory - chrome # <-- Add this line for the default browser browser is selected for execution
2025-07-20 22:11:48.018 [TestNG-test-Text Box Tests-1] ERROR com.automation.demo.utils.DriverFactory - Unsupported browser: chrome # <-- Add this line for the default browser
2025-07-20 22:11:56.508 [TestNG-test-Text Box Tests-1] DEBUG com.automation.demo.tests.BaseTest - Browser selected from config.properties: chrome # <-- Add this line for the default browser
2025-07-20 22:11:56.509 [TestNG-test-Text Box Tests-1] INFO  com.automation.demo.utils.DriverFactory - chrome # <-- Add this line for the default browser browser is selected for execution
2025-07-20 22:11:56.510 [TestNG-test-Text Box Tests-1] ERROR com.automation.demo.utils.DriverFactory - Unsupported browser: chrome # <-- Add this line for the default browser
2025-07-20 22:11:59.787 [TestNG-test-Text Box Tests-1] DEBUG com.automation.demo.tests.BaseTest - Browser selected from config.properties: chrome # <-- Add this line for the default browser
2025-07-20 22:11:59.787 [TestNG-test-Text Box Tests-1] INFO  com.automation.demo.utils.DriverFactory - chrome # <-- Add this line for the default browser browser is selected for execution
2025-07-20 22:11:59.787 [TestNG-test-Text Box Tests-1] ERROR com.automation.demo.utils.DriverFactory - Unsupported browser: chrome # <-- Add this line for the default browser
2025-07-20 22:12:10.369 [TestNG-test-Text Box Tests-1] DEBUG com.automation.demo.tests.BaseTest - Browser selected from config.properties: chrome # <-- Add this line for the default browser
2025-07-20 22:12:10.370 [TestNG-test-Text Box Tests-1] INFO  com.automation.demo.utils.DriverFactory - chrome # <-- Add this line for the default browser browser is selected for execution
2025-07-20 22:12:10.370 [TestNG-test-Text Box Tests-1] ERROR com.automation.demo.utils.DriverFactory - Unsupported browser: chrome # <-- Add this line for the default browser
2025-07-20 22:16:20.222 [TestNG-test-Text Box Tests-1] INFO  com.automation.demo.utils.ConfigReader - Successfully loaded configuration from: config.properties
2025-07-20 22:19:21.096 [TestNG-test-Text Box Tests-1] DEBUG com.automation.demo.tests.BaseTest - Browser selected from config.properties: chrome # <-- Add this line for the default browser
2025-07-20 22:19:21.099 [TestNG-test-Text Box Tests-1] INFO  com.automation.demo.utils.DriverFactory - chrome # <-- Add this line for the default browser browser is selected for execution
2025-07-20 22:19:21.101 [TestNG-test-Text Box Tests-1] ERROR com.automation.demo.utils.DriverFactory - Unsupported browser: chrome # <-- Add this line for the default browser
2025-07-20 22:19:21.223 [TestNG-test-Text Box Tests-1] DEBUG com.automation.demo.tests.BaseTest - Browser selected from config.properties: chrome # <-- Add this line for the default browser
2025-07-20 22:19:21.225 [TestNG-test-Text Box Tests-1] INFO  com.automation.demo.utils.DriverFactory - chrome # <-- Add this line for the default browser browser is selected for execution
2025-07-20 22:19:21.225 [TestNG-test-Text Box Tests-1] ERROR com.automation.demo.utils.DriverFactory - Unsupported browser: chrome # <-- Add this line for the default browser
2025-07-20 22:19:21.252 [TestNG-test-Text Box Tests-1] DEBUG com.automation.demo.tests.BaseTest - Browser selected from config.properties: chrome # <-- Add this line for the default browser
2025-07-20 22:19:21.252 [TestNG-test-Text Box Tests-1] INFO  com.automation.demo.utils.DriverFactory - chrome # <-- Add this line for the default browser browser is selected for execution
2025-07-20 22:19:21.252 [TestNG-test-Text Box Tests-1] ERROR com.automation.demo.utils.DriverFactory - Unsupported browser: chrome # <-- Add this line for the default browser
2025-07-20 22:19:21.279 [TestNG-test-Text Box Tests-1] DEBUG com.automation.demo.tests.BaseTest - Browser selected from config.properties: chrome # <-- Add this line for the default browser
2025-07-20 22:19:21.279 [TestNG-test-Text Box Tests-1] INFO  com.automation.demo.utils.DriverFactory - chrome # <-- Add this line for the default browser browser is selected for execution
2025-07-20 22:19:21.280 [TestNG-test-Text Box Tests-1] ERROR com.automation.demo.utils.DriverFactory - Unsupported browser: chrome # <-- Add this line for the default browser
2025-07-20 22:20:01.653 [TestNG-test-Text Box Tests-1] INFO  com.automation.demo.utils.ConfigReader - Successfully loaded configuration from: config.properties
2025-07-20 22:20:04.951 [TestNG-test-Text Box Tests-1] DEBUG com.automation.demo.tests.BaseTest - Browser selected from config.properties: chrome
2025-07-20 22:20:04.961 [TestNG-test-Text Box Tests-1] INFO  com.automation.demo.utils.DriverFactory - chrome browser is selected for execution
2025-07-20 22:20:15.758 [TestNG-test-Text Box Tests-1] INFO  com.automation.demo.tests.BaseTest - Webdriver initialized for browser: 
2025-07-20 22:20:27.043 [TestNG-test-Text Box Tests-1] INFO  com.automation.demo.pageobjects.TextBoxPage - Entering email: ujjawal@example.com
2025-07-20 22:20:33.194 [TestNG-test-Text Box Tests-1] INFO  com.automation.demo.pageobjects.TextBoxPage - Clicking the submit button 
2025-07-20 22:20:35.776 [TestNG-test-Text Box Tests-1] INFO  com.automation.demo.tests.BaseTest - Closing the browser
2025-07-20 22:20:36.655 [TestNG-test-Text Box Tests-1] INFO  com.automation.demo.tests.BaseTest - Browser closed and driver unloaded
2025-07-20 22:20:47.487 [TestNG-test-Text Box Tests-1] DEBUG com.automation.demo.tests.BaseTest - Browser selected from config.properties: chrome
2025-07-20 22:20:49.484 [TestNG-test-Text Box Tests-1] INFO  com.automation.demo.utils.DriverFactory - chrome browser is selected for execution
2025-07-20 22:21:05.435 [TestNG-test-Text Box Tests-1] INFO  com.automation.demo.tests.BaseTest - Webdriver initialized for browser: 
2025-07-20 22:21:15.369 [TestNG-test-Text Box Tests-1] INFO  com.automation.demo.pageobjects.TextBoxPage - Entering email: john@example.com
2025-07-20 22:21:20.365 [TestNG-test-Text Box Tests-1] INFO  com.automation.demo.pageobjects.TextBoxPage - Clicking the submit button 
2025-07-20 22:21:31.406 [TestNG-test-Text Box Tests-1] INFO  com.automation.demo.tests.BaseTest - Closing the browser
2025-07-20 22:21:32.469 [TestNG-test-Text Box Tests-1] INFO  com.automation.demo.tests.BaseTest - Browser closed and driver unloaded
2025-07-20 22:24:37.783 [TestNG-test-Text Box Tests-1] DEBUG com.automation.demo.tests.BaseTest - Browser selected from config.properties: chrome
2025-07-20 22:24:37.784 [TestNG-test-Text Box Tests-1] INFO  com.automation.demo.utils.DriverFactory - chrome browser is selected for execution
2025-07-20 22:24:42.240 [TestNG-test-Text Box Tests-1] INFO  com.automation.demo.tests.BaseTest - Webdriver initialized for browser: 
2025-07-20 22:24:53.281 [TestNG-test-Text Box Tests-1] INFO  com.automation.demo.pageobjects.TextBoxPage - Entering email: ujjawal@example.com
2025-07-20 22:24:53.882 [TestNG-test-Text Box Tests-1] INFO  com.automation.demo.pageobjects.TextBoxPage - Clicking the submit button 
2025-07-20 22:24:54.240 [TestNG-test-Text Box Tests-1] INFO  com.automation.demo.tests.BaseTest - Closing the browser
2025-07-20 22:24:55.095 [TestNG-test-Text Box Tests-1] INFO  com.automation.demo.tests.BaseTest - Browser closed and driver unloaded
2025-07-20 22:24:55.098 [TestNG-test-Text Box Tests-1] DEBUG com.automation.demo.tests.BaseTest - Browser selected from config.properties: chrome
2025-07-20 22:24:55.098 [TestNG-test-Text Box Tests-1] INFO  com.automation.demo.utils.DriverFactory - chrome browser is selected for execution
2025-07-20 22:24:59.719 [TestNG-test-Text Box Tests-1] INFO  com.automation.demo.tests.BaseTest - Webdriver initialized for browser: 
2025-07-20 22:25:04.788 [TestNG-test-Text Box Tests-1] INFO  com.automation.demo.pageobjects.TextBoxPage - Entering email: john@example.com
2025-07-20 22:25:06.261 [TestNG-test-Text Box Tests-1] INFO  com.automation.demo.pageobjects.TextBoxPage - Clicking the submit button 
2025-07-20 22:25:06.784 [TestNG-test-Text Box Tests-1] INFO  com.automation.demo.tests.BaseTest - Closing the browser
2025-07-20 22:25:08.030 [TestNG-test-Text Box Tests-1] INFO  com.automation.demo.tests.BaseTest - Browser closed and driver unloaded
2025-07-20 22:25:08.039 [TestNG-test-Text Box Tests-1] DEBUG com.automation.demo.tests.BaseTest - Browser selected from config.properties: chrome
2025-07-20 22:25:08.039 [TestNG-test-Text Box Tests-1] INFO  com.automation.demo.utils.DriverFactory - chrome browser is selected for execution
2025-07-20 22:25:12.063 [TestNG-test-Text Box Tests-1] INFO  com.automation.demo.tests.BaseTest - Webdriver initialized for browser: 
2025-07-20 22:25:17.840 [TestNG-test-Text Box Tests-1] INFO  com.automation.demo.pageobjects.TextBoxPage - Entering email: ujjawal@example.com
2025-07-20 22:25:18.906 [TestNG-test-Text Box Tests-1] INFO  com.automation.demo.pageobjects.TextBoxPage - Clicking the submit button 
2025-07-20 22:25:19.186 [TestNG-test-Text Box Tests-1] INFO  com.automation.demo.tests.BaseTest - Closing the browser
2025-07-20 22:25:20.629 [TestNG-test-Text Box Tests-1] INFO  com.automation.demo.tests.BaseTest - Browser closed and driver unloaded
2025-07-20 22:25:20.631 [TestNG-test-Text Box Tests-1] DEBUG com.automation.demo.tests.BaseTest - Browser selected from config.properties: chrome
2025-07-20 22:25:20.631 [TestNG-test-Text Box Tests-1] INFO  com.automation.demo.utils.DriverFactory - chrome browser is selected for execution
2025-07-20 22:25:24.534 [TestNG-test-Text Box Tests-1] INFO  com.automation.demo.tests.BaseTest - Webdriver initialized for browser: 
2025-07-20 22:25:29.331 [TestNG-test-Text Box Tests-1] INFO  com.automation.demo.pageobjects.TextBoxPage - Entering email: john@example.com
2025-07-20 22:25:30.776 [TestNG-test-Text Box Tests-1] INFO  com.automation.demo.pageobjects.TextBoxPage - Clicking the submit button 
2025-07-20 22:25:31.345 [TestNG-test-Text Box Tests-1] INFO  com.automation.demo.tests.BaseTest - Closing the browser
2025-07-20 22:25:32.950 [TestNG-test-Text Box Tests-1] INFO  com.automation.demo.tests.BaseTest - Browser closed and driver unloaded
2025-07-20 22:25:32.959 [TestNG-test-Text Box Tests-1] DEBUG com.automation.demo.tests.BaseTest - Browser selected from config.properties: chrome
2025-07-20 22:25:32.959 [TestNG-test-Text Box Tests-1] INFO  com.automation.demo.utils.DriverFactory - chrome browser is selected for execution
2025-07-20 22:25:36.977 [TestNG-test-Text Box Tests-1] INFO  com.automation.demo.tests.BaseTest - Webdriver initialized for browser: 
2025-07-20 22:25:42.019 [TestNG-test-Text Box Tests-1] INFO  com.automation.demo.pageobjects.TextBoxPage - Entering email: ujjawal@example.com
2025-07-20 22:25:43.032 [TestNG-test-Text Box Tests-1] INFO  com.automation.demo.pageobjects.TextBoxPage - Clicking the submit button 
2025-07-20 22:25:43.699 [TestNG-test-Text Box Tests-1] INFO  com.automation.demo.tests.BaseTest - Closing the browser
2025-07-20 22:25:47.504 [TestNG-test-Text Box Tests-1] INFO  com.automation.demo.tests.BaseTest - Browser closed and driver unloaded
2025-07-20 22:25:47.508 [TestNG-test-Text Box Tests-1] DEBUG com.automation.demo.tests.BaseTest - Browser selected from config.properties: chrome
2025-07-20 22:25:47.508 [TestNG-test-Text Box Tests-1] INFO  com.automation.demo.utils.DriverFactory - chrome browser is selected for execution
2025-07-20 22:25:51.532 [TestNG-test-Text Box Tests-1] INFO  com.automation.demo.tests.BaseTest - Webdriver initialized for browser: 
2025-07-20 22:25:57.040 [TestNG-test-Text Box Tests-1] INFO  com.automation.demo.pageobjects.TextBoxPage - Entering email: john@example.com
2025-07-20 22:25:57.772 [TestNG-test-Text Box Tests-1] INFO  com.automation.demo.pageobjects.TextBoxPage - Clicking the submit button 
2025-07-20 22:25:58.337 [TestNG-test-Text Box Tests-1] INFO  com.automation.demo.tests.BaseTest - Closing the browser
2025-07-20 22:25:59.830 [TestNG-test-Text Box Tests-1] INFO  com.automation.demo.tests.BaseTest - Browser closed and driver unloaded
2025-07-20 22:34:51.124 [TestNG-test-Text Box Tests-1] INFO  com.automation.demo.utils.ConfigReader - Successfully loaded configuration from: config.properties
2025-07-20 22:34:53.467 [TestNG-test-Text Box Tests-1] DEBUG com.automation.demo.tests.BaseTest - Browser selected from config.properties: chrome
2025-07-20 22:34:53.503 [TestNG-test-Text Box Tests-1] INFO  com.automation.demo.utils.DriverFactory - chrome browser is selected for execution
2025-07-20 22:35:46.910 [TestNG-test-Text Box Tests-1] INFO  com.automation.demo.tests.BaseTest - Webdriver initialized for browser: 
2025-07-20 22:35:51.185 [TestNG-test-Text Box Tests-1] INFO  com.automation.demo.pageobjects.TextBoxPage - Entering email: ujjawal@example.com
2025-07-20 22:36:00.086 [TestNG-test-Text Box Tests-1] INFO  com.automation.demo.pageobjects.TextBoxPage - Clicking the submit button 
2025-07-20 22:36:03.332 [TestNG-test-Text Box Tests-1] INFO  com.automation.demo.tests.BaseTest - Closing the browser
2025-07-20 22:36:04.246 [TestNG-test-Text Box Tests-1] INFO  com.automation.demo.tests.BaseTest - Browser closed and driver unloaded
2025-07-20 22:36:17.287 [TestNG-test-Text Box Tests-1] DEBUG com.automation.demo.tests.BaseTest - Browser selected from config.properties: chrome
2025-07-20 22:36:17.287 [TestNG-test-Text Box Tests-1] INFO  com.automation.demo.utils.DriverFactory - chrome browser is selected for execution
2025-07-20 22:36:28.588 [TestNG-test-Text Box Tests-1] INFO  com.automation.demo.tests.BaseTest - Webdriver initialized for browser: 
2025-07-20 22:36:33.706 [TestNG-test-Text Box Tests-1] INFO  com.automation.demo.pageobjects.TextBoxPage - Entering email: john@example.com
2025-07-20 22:36:36.478 [TestNG-test-Text Box Tests-1] INFO  com.automation.demo.pageobjects.TextBoxPage - Clicking the submit button 
2025-07-20 22:36:38.663 [TestNG-test-Text Box Tests-1] INFO  com.automation.demo.tests.BaseTest - Closing the browser
2025-07-20 22:36:39.656 [TestNG-test-Text Box Tests-1] INFO  com.automation.demo.tests.BaseTest - Browser closed and driver unloaded
2025-07-20 22:36:52.759 [TestNG-test-Text Box Tests-1] DEBUG com.automation.demo.tests.BaseTest - Browser selected from TestNG XML/Maven parameter: chrome
2025-07-20 22:36:52.759 [TestNG-test-Text Box Tests-1] INFO  com.automation.demo.utils.DriverFactory - chrome browser is selected for execution
2025-07-20 22:37:03.638 [TestNG-test-Text Box Tests-1] INFO  com.automation.demo.tests.BaseTest - Webdriver initialized for browser: chrome
2025-07-20 22:37:10.129 [TestNG-test-Text Box Tests-1] INFO  com.automation.demo.pageobjects.TextBoxPage - Entering email: ujjawal@example.com
2025-07-20 22:37:11.931 [TestNG-test-Text Box Tests-1] INFO  com.automation.demo.pageobjects.TextBoxPage - Clicking the submit button 
2025-07-20 22:37:12.291 [TestNG-test-Text Box Tests-1] INFO  com.automation.demo.tests.BaseTest - Closing the browser
2025-07-20 22:37:13.711 [TestNG-test-Text Box Tests-1] INFO  com.automation.demo.tests.BaseTest - Browser closed and driver unloaded
2025-07-20 22:37:13.713 [TestNG-test-Text Box Tests-1] DEBUG com.automation.demo.tests.BaseTest - Browser selected from TestNG XML/Maven parameter: chrome
2025-07-20 22:37:13.713 [TestNG-test-Text Box Tests-1] INFO  com.automation.demo.utils.DriverFactory - chrome browser is selected for execution
2025-07-20 22:37:17.252 [TestNG-test-Text Box Tests-1] INFO  com.automation.demo.tests.BaseTest - Webdriver initialized for browser: chrome
2025-07-20 22:37:24.631 [TestNG-test-Text Box Tests-1] INFO  com.automation.demo.pageobjects.TextBoxPage - Entering email: john@example.com
2025-07-20 22:37:25.646 [TestNG-test-Text Box Tests-1] INFO  com.automation.demo.pageobjects.TextBoxPage - Clicking the submit button 
2025-07-20 22:37:26.027 [TestNG-test-Text Box Tests-1] INFO  com.automation.demo.tests.BaseTest - Closing the browser
2025-07-20 22:37:28.641 [TestNG-test-Text Box Tests-1] INFO  com.automation.demo.tests.BaseTest - Browser closed and driver unloaded
2025-07-20 22:37:28.660 [TestNG-test-Text Box Tests-1] DEBUG com.automation.demo.tests.BaseTest - Browser selected from config.properties: chrome
2025-07-20 22:37:28.662 [TestNG-test-Text Box Tests-1] INFO  com.automation.demo.utils.DriverFactory - chrome browser is selected for execution
2025-07-20 22:37:32.601 [TestNG-test-Text Box Tests-1] INFO  com.automation.demo.tests.BaseTest - Webdriver initialized for browser: 
2025-07-20 22:37:37.606 [TestNG-test-Text Box Tests-1] INFO  com.automation.demo.pageobjects.TextBoxPage - Entering email: ujjawal@example.com
2025-07-20 22:37:38.767 [TestNG-test-Text Box Tests-1] INFO  com.automation.demo.pageobjects.TextBoxPage - Clicking the submit button 
2025-07-20 22:37:39.151 [TestNG-test-Text Box Tests-1] INFO  com.automation.demo.tests.BaseTest - Closing the browser
2025-07-20 22:37:42.265 [TestNG-test-Text Box Tests-1] INFO  com.automation.demo.tests.BaseTest - Browser closed and driver unloaded
2025-07-20 22:37:42.265 [TestNG-test-Text Box Tests-1] DEBUG com.automation.demo.tests.BaseTest - Browser selected from config.properties: chrome
2025-07-20 22:37:42.265 [TestNG-test-Text Box Tests-1] INFO  com.automation.demo.utils.DriverFactory - chrome browser is selected for execution
2025-07-20 22:37:45.947 [TestNG-test-Text Box Tests-1] INFO  com.automation.demo.tests.BaseTest - Webdriver initialized for browser: 
2025-07-20 22:37:50.570 [TestNG-test-Text Box Tests-1] INFO  com.automation.demo.pageobjects.TextBoxPage - Entering email: john@example.com
2025-07-20 22:37:52.079 [TestNG-test-Text Box Tests-1] INFO  com.automation.demo.pageobjects.TextBoxPage - Clicking the submit button 
2025-07-20 22:37:52.622 [TestNG-test-Text Box Tests-1] INFO  com.automation.demo.tests.BaseTest - Closing the browser
2025-07-20 22:37:53.752 [TestNG-test-Text Box Tests-1] INFO  com.automation.demo.tests.BaseTest - Browser closed and driver unloaded
2025-07-20 22:37:53.764 [TestNG-test-Text Box Tests-1] DEBUG com.automation.demo.tests.BaseTest - Browser selected from config.properties: chrome
2025-07-20 22:37:53.765 [TestNG-test-Text Box Tests-1] INFO  com.automation.demo.utils.DriverFactory - chrome browser is selected for execution
2025-07-20 22:37:58.090 [TestNG-test-Text Box Tests-1] INFO  com.automation.demo.tests.BaseTest - Webdriver initialized for browser: 
2025-07-20 22:38:03.170 [TestNG-test-Text Box Tests-1] INFO  com.automation.demo.pageobjects.TextBoxPage - Entering email: ujjawal@example.com
2025-07-20 22:38:04.277 [TestNG-test-Text Box Tests-1] INFO  com.automation.demo.pageobjects.TextBoxPage - Clicking the submit button 
2025-07-20 22:38:04.677 [TestNG-test-Text Box Tests-1] INFO  com.automation.demo.tests.BaseTest - Closing the browser
2025-07-20 22:38:06.117 [TestNG-test-Text Box Tests-1] INFO  com.automation.demo.tests.BaseTest - Browser closed and driver unloaded
2025-07-20 22:38:06.117 [TestNG-test-Text Box Tests-1] DEBUG com.automation.demo.tests.BaseTest - Browser selected from config.properties: chrome
2025-07-20 22:38:06.117 [TestNG-test-Text Box Tests-1] INFO  com.automation.demo.utils.DriverFactory - chrome browser is selected for execution
2025-07-20 22:38:10.884 [TestNG-test-Text Box Tests-1] INFO  com.automation.demo.tests.BaseTest - Webdriver initialized for browser: 
2025-07-20 22:38:15.247 [TestNG-test-Text Box Tests-1] INFO  com.automation.demo.pageobjects.TextBoxPage - Entering email: john@example.com
2025-07-20 22:38:16.592 [TestNG-test-Text Box Tests-1] INFO  com.automation.demo.pageobjects.TextBoxPage - Clicking the submit button 
2025-07-20 22:38:17.309 [TestNG-test-Text Box Tests-1] INFO  com.automation.demo.tests.BaseTest - Closing the browser
2025-07-20 22:38:19.136 [TestNG-test-Text Box Tests-1] INFO  com.automation.demo.tests.BaseTest - Browser closed and driver unloaded
2025-07-20 22:44:11.973 [TestNG-test-Text Box Tests-1] INFO  com.automation.demo.utils.ConfigReader - Successfully loaded configuration from: config.properties
2025-07-20 22:44:11.973 [TestNG-test-Text Box Tests-1] DEBUG com.automation.demo.tests.BaseTest - Browser selected from config.properties: chrome
2025-07-20 22:44:11.988 [TestNG-test-Text Box Tests-1] INFO  com.automation.demo.utils.DriverFactory - chrome browser is selected for execution
2025-07-20 22:44:16.478 [TestNG-test-Text Box Tests-1] INFO  com.automation.demo.tests.BaseTest - Webdriver initialized for browser: 
2025-07-20 22:44:23.586 [TestNG-test-Text Box Tests-1] INFO  com.automation.demo.pageobjects.TextBoxPage - Entering email: ujjawal@example.com
2025-07-20 22:44:24.125 [TestNG-test-Text Box Tests-1] INFO  com.automation.demo.pageobjects.TextBoxPage - Clicking the submit button 
2025-07-20 22:44:24.860 [TestNG-test-Text Box Tests-1] INFO  com.automation.demo.tests.BaseTest - Closing the browser
2025-07-20 22:44:26.229 [TestNG-test-Text Box Tests-1] INFO  com.automation.demo.tests.BaseTest - Browser closed and driver unloaded
2025-07-20 22:44:26.229 [TestNG-test-Text Box Tests-1] DEBUG com.automation.demo.tests.BaseTest - Browser selected from config.properties: chrome
2025-07-20 22:44:26.229 [TestNG-test-Text Box Tests-1] INFO  com.automation.demo.utils.DriverFactory - chrome browser is selected for execution
2025-07-20 22:44:29.988 [TestNG-test-Text Box Tests-1] INFO  com.automation.demo.tests.BaseTest - Webdriver initialized for browser: 
2025-07-20 22:44:34.667 [TestNG-test-Text Box Tests-1] INFO  com.automation.demo.pageobjects.TextBoxPage - Entering email: john@example.com
2025-07-20 22:44:35.919 [TestNG-test-Text Box Tests-1] INFO  com.automation.demo.pageobjects.TextBoxPage - Clicking the submit button 
2025-07-20 22:44:36.326 [TestNG-test-Text Box Tests-1] INFO  com.automation.demo.tests.BaseTest - Closing the browser
2025-07-20 22:44:38.098 [TestNG-test-Text Box Tests-1] INFO  com.automation.demo.tests.BaseTest - Browser closed and driver unloaded
2025-07-20 22:44:38.132 [TestNG-test-Text Box Tests-1] DEBUG com.automation.demo.tests.BaseTest - Browser selected from TestNG XML/Maven parameter: chrome
2025-07-20 22:44:38.134 [TestNG-test-Text Box Tests-1] INFO  com.automation.demo.utils.DriverFactory - chrome browser is selected for execution
2025-07-20 22:44:41.898 [TestNG-test-Text Box Tests-1] INFO  com.automation.demo.tests.BaseTest - Webdriver initialized for browser: chrome
2025-07-20 22:44:47.161 [TestNG-test-Text Box Tests-1] INFO  com.automation.demo.pageobjects.TextBoxPage - Entering email: ujjawal@example.com
2025-07-20 22:44:48.027 [TestNG-test-Text Box Tests-1] INFO  com.automation.demo.pageobjects.TextBoxPage - Clicking the submit button 
2025-07-20 22:44:48.334 [TestNG-test-Text Box Tests-1] INFO  com.automation.demo.tests.BaseTest - Closing the browser
2025-07-20 22:44:49.506 [TestNG-test-Text Box Tests-1] INFO  com.automation.demo.tests.BaseTest - Browser closed and driver unloaded
2025-07-20 22:44:49.506 [TestNG-test-Text Box Tests-1] DEBUG com.automation.demo.tests.BaseTest - Browser selected from TestNG XML/Maven parameter: chrome
2025-07-20 22:44:49.506 [TestNG-test-Text Box Tests-1] INFO  com.automation.demo.utils.DriverFactory - chrome browser is selected for execution
2025-07-20 22:44:53.345 [TestNG-test-Text Box Tests-1] INFO  com.automation.demo.tests.BaseTest - Webdriver initialized for browser: chrome
2025-07-20 22:44:57.616 [TestNG-test-Text Box Tests-1] INFO  com.automation.demo.pageobjects.TextBoxPage - Entering email: john@example.com
2025-07-20 22:44:58.500 [TestNG-test-Text Box Tests-1] INFO  com.automation.demo.pageobjects.TextBoxPage - Clicking the submit button 
2025-07-20 22:44:58.898 [TestNG-test-Text Box Tests-1] INFO  com.automation.demo.tests.BaseTest - Closing the browser
2025-07-20 22:45:00.007 [TestNG-test-Text Box Tests-1] INFO  com.automation.demo.tests.BaseTest - Browser closed and driver unloaded
2025-07-20 22:45:00.025 [TestNG-test-Text Box Tests-1] DEBUG com.automation.demo.tests.BaseTest - Browser selected from config.properties: chrome
2025-07-20 22:45:00.025 [TestNG-test-Text Box Tests-1] INFO  com.automation.demo.utils.DriverFactory - chrome browser is selected for execution
2025-07-20 22:45:03.898 [TestNG-test-Text Box Tests-1] INFO  com.automation.demo.tests.BaseTest - Webdriver initialized for browser: 
2025-07-20 22:45:08.484 [TestNG-test-Text Box Tests-1] INFO  com.automation.demo.pageobjects.TextBoxPage - Entering email: ujjawal@example.com
2025-07-20 22:45:09.502 [TestNG-test-Text Box Tests-1] INFO  com.automation.demo.pageobjects.TextBoxPage - Clicking the submit button 
2025-07-20 22:45:09.791 [TestNG-test-Text Box Tests-1] INFO  com.automation.demo.tests.BaseTest - Closing the browser
2025-07-20 22:45:10.906 [TestNG-test-Text Box Tests-1] INFO  com.automation.demo.tests.BaseTest - Browser closed and driver unloaded
2025-07-20 22:45:10.908 [TestNG-test-Text Box Tests-1] DEBUG com.automation.demo.tests.BaseTest - Browser selected from config.properties: chrome
2025-07-20 22:45:10.908 [TestNG-test-Text Box Tests-1] INFO  com.automation.demo.utils.DriverFactory - chrome browser is selected for execution
2025-07-20 22:45:14.549 [TestNG-test-Text Box Tests-1] INFO  com.automation.demo.tests.BaseTest - Webdriver initialized for browser: 
2025-07-20 22:45:18.586 [TestNG-test-Text Box Tests-1] INFO  com.automation.demo.pageobjects.TextBoxPage - Entering email: john@example.com
2025-07-20 22:45:19.682 [TestNG-test-Text Box Tests-1] INFO  com.automation.demo.pageobjects.TextBoxPage - Clicking the submit button 
2025-07-20 22:45:20.066 [TestNG-test-Text Box Tests-1] INFO  com.automation.demo.tests.BaseTest - Closing the browser
2025-07-20 22:45:21.096 [TestNG-test-Text Box Tests-1] INFO  com.automation.demo.tests.BaseTest - Browser closed and driver unloaded
2025-07-20 22:45:21.117 [TestNG-test-Text Box Tests-1] DEBUG com.automation.demo.tests.BaseTest - Browser selected from config.properties: chrome
2025-07-20 22:45:21.119 [TestNG-test-Text Box Tests-1] INFO  com.automation.demo.utils.DriverFactory - chrome browser is selected for execution
2025-07-20 22:45:24.793 [TestNG-test-Text Box Tests-1] INFO  com.automation.demo.tests.BaseTest - Webdriver initialized for browser: 
2025-07-20 22:45:29.745 [TestNG-test-Text Box Tests-1] INFO  com.automation.demo.pageobjects.TextBoxPage - Entering email: ujjawal@example.com
2025-07-20 22:45:30.839 [TestNG-test-Text Box Tests-1] INFO  com.automation.demo.pageobjects.TextBoxPage - Clicking the submit button 
2025-07-20 22:45:31.171 [TestNG-test-Text Box Tests-1] INFO  com.automation.demo.tests.BaseTest - Closing the browser
2025-07-20 22:45:34.010 [TestNG-test-Text Box Tests-1] INFO  com.automation.demo.tests.BaseTest - Browser closed and driver unloaded
2025-07-20 22:45:34.010 [TestNG-test-Text Box Tests-1] DEBUG com.automation.demo.tests.BaseTest - Browser selected from config.properties: chrome
2025-07-20 22:45:34.010 [TestNG-test-Text Box Tests-1] INFO  com.automation.demo.utils.DriverFactory - chrome browser is selected for execution
2025-07-20 22:45:37.440 [TestNG-test-Text Box Tests-1] INFO  com.automation.demo.tests.BaseTest - Webdriver initialized for browser: 
2025-07-20 22:45:41.526 [TestNG-test-Text Box Tests-1] INFO  com.automation.demo.pageobjects.TextBoxPage - Entering email: john@example.com
2025-07-20 22:45:42.828 [TestNG-test-Text Box Tests-1] INFO  com.automation.demo.pageobjects.TextBoxPage - Clicking the submit button 
2025-07-20 22:45:43.181 [TestNG-test-Text Box Tests-1] INFO  com.automation.demo.tests.BaseTest - Closing the browser
2025-07-20 22:45:46.233 [TestNG-test-Text Box Tests-1] INFO  com.automation.demo.tests.BaseTest - Browser closed and driver unloaded
2025-07-20 22:53:41.894 [TestNG-test-Text Box Tests-1] DEBUG com.automation.demo.tests.BaseTest - Browser selected from TestNG XML/Maven parameter: chrome
2025-07-20 22:53:41.927 [TestNG-test-Text Box Tests-1] INFO  com.automation.demo.utils.DriverFactory - chrome browser is selected for execution
2025-07-20 22:53:47.278 [TestNG-test-Text Box Tests-1] INFO  com.automation.demo.tests.BaseTest - Webdriver initialized for browser: chrome
2025-07-20 22:53:51.578 [TestNG-test-Text Box Tests-1] INFO  com.automation.demo.pageobjects.TextBoxPage - Entering email: ujjawal@example.com
2025-07-20 22:53:52.901 [TestNG-test-Text Box Tests-1] INFO  com.automation.demo.pageobjects.TextBoxPage - Clicking the submit button 
2025-07-20 22:53:53.294 [TestNG-test-Text Box Tests-1] INFO  com.automation.demo.tests.BaseTest - Closing the browser
2025-07-20 22:53:56.234 [TestNG-test-Text Box Tests-1] INFO  com.automation.demo.tests.BaseTest - Browser closed and driver unloaded
2025-07-20 22:53:56.235 [TestNG-test-Text Box Tests-1] DEBUG com.automation.demo.tests.BaseTest - Browser selected from TestNG XML/Maven parameter: chrome
2025-07-20 22:53:56.235 [TestNG-test-Text Box Tests-1] INFO  com.automation.demo.utils.DriverFactory - chrome browser is selected for execution
2025-07-20 22:53:59.908 [TestNG-test-Text Box Tests-1] INFO  com.automation.demo.tests.BaseTest - Webdriver initialized for browser: chrome
2025-07-20 22:54:12.646 [TestNG-test-Text Box Tests-1] INFO  com.automation.demo.pageobjects.TextBoxPage - Entering email: john@example.com
2025-07-20 22:54:13.054 [TestNG-test-Text Box Tests-1] INFO  com.automation.demo.pageobjects.TextBoxPage - Clicking the submit button 
2025-07-20 22:54:13.249 [TestNG-test-Text Box Tests-1] INFO  com.automation.demo.tests.BaseTest - Closing the browser
2025-07-20 22:54:13.940 [TestNG-test-Text Box Tests-1] INFO  com.automation.demo.tests.BaseTest - Browser closed and driver unloaded
2025-07-21 17:19:29.254 [TestNG-test-Text Box Tests-1] DEBUG com.automation.demo.tests.BaseTest - Browser selected from TestNG XML/Maven parameter: chrome
2025-07-21 17:19:29.283 [TestNG-test-Text Box Tests-1] INFO  com.automation.demo.utils.DriverFactory - chrome browser is selected for execution
2025-07-21 17:19:34.982 [TestNG-test-Text Box Tests-1] INFO  com.automation.demo.tests.BaseTest - Webdriver initialized for browser: chrome
2025-07-21 17:19:46.328 [TestNG-test-Text Box Tests-1] INFO  com.automation.demo.utils.ConfigReader - Successfully loaded configuration from: config.properties
2025-07-21 17:19:46.329 [TestNG-test-Text Box Tests-1] DEBUG com.automation.demo.pageobjects.BasePage - BasePage initialized with WebDriverWait for 10 seconds.
2025-07-21 17:19:46.332 [TestNG-test-Text Box Tests-1] DEBUG com.automation.demo.pageobjects.TextBoxPage - TextBoxPage initialized with WebDriver.
2025-07-21 17:19:46.358 [TestNG-test-Text Box Tests-1] INFO  com.automation.demo.tests.BaseTest - Closing the browser
2025-07-21 17:19:47.224 [TestNG-test-Text Box Tests-1] INFO  com.automation.demo.tests.BaseTest - Browser closed and driver unloaded
2025-07-21 17:19:47.224 [TestNG-test-Text Box Tests-1] DEBUG com.automation.demo.tests.BaseTest - Browser selected from TestNG XML/Maven parameter: chrome
2025-07-21 17:19:47.230 [TestNG-test-Text Box Tests-1] INFO  com.automation.demo.utils.DriverFactory - chrome browser is selected for execution
2025-07-21 17:19:49.206 [TestNG-test-Text Box Tests-1] INFO  com.automation.demo.tests.BaseTest - Webdriver initialized for browser: chrome
2025-07-21 17:19:53.172 [TestNG-test-Text Box Tests-1] DEBUG com.automation.demo.pageobjects.BasePage - BasePage initialized with WebDriverWait for 10 seconds.
2025-07-21 17:19:53.173 [TestNG-test-Text Box Tests-1] DEBUG com.automation.demo.pageobjects.TextBoxPage - TextBoxPage initialized with WebDriver.
2025-07-21 17:19:53.180 [TestNG-test-Text Box Tests-1] INFO  com.automation.demo.tests.BaseTest - Closing the browser
2025-07-21 17:19:54.835 [TestNG-test-Text Box Tests-1] INFO  com.automation.demo.tests.BaseTest - Browser closed and driver unloaded
2025-07-21 17:22:52.039 [TestNG-test-Text Box Tests-1] DEBUG com.automation.demo.tests.BaseTest - Browser selected from TestNG XML/Maven parameter: chrome
2025-07-21 17:22:52.039 [TestNG-test-Text Box Tests-1] INFO  com.automation.demo.utils.DriverFactory - chrome browser is selected for execution
2025-07-21 17:22:53.988 [TestNG-test-Text Box Tests-1] INFO  com.automation.demo.tests.BaseTest - Webdriver initialized for browser: chrome
2025-07-21 17:22:56.993 [TestNG-test-Text Box Tests-1] INFO  com.automation.demo.utils.ConfigReader - Successfully loaded configuration from: config.properties
2025-07-21 17:22:56.994 [TestNG-test-Text Box Tests-1] DEBUG com.automation.demo.pageobjects.BasePage - BasePage initialized with WebDriverWait for 10 seconds.
2025-07-21 17:22:56.994 [TestNG-test-Text Box Tests-1] DEBUG com.automation.demo.pageobjects.TextBoxPage - TextBoxPage initialized with WebDriver.
2025-07-21 17:22:57.196 [TestNG-test-Text Box Tests-1] INFO  com.automation.demo.pageobjects.TextBoxPage - Entering email: ujjawal@example.com
2025-07-21 17:22:57.880 [TestNG-test-Text Box Tests-1] INFO  com.automation.demo.pageobjects.TextBoxPage - Clicking the submit button 
2025-07-21 17:22:58.061 [TestNG-test-Text Box Tests-1] INFO  com.automation.demo.tests.BaseTest - Closing the browser
2025-07-21 17:22:58.974 [TestNG-test-Text Box Tests-1] INFO  com.automation.demo.tests.BaseTest - Browser closed and driver unloaded
2025-07-21 17:22:58.974 [TestNG-test-Text Box Tests-1] DEBUG com.automation.demo.tests.BaseTest - Browser selected from TestNG XML/Maven parameter: chrome
2025-07-21 17:22:58.974 [TestNG-test-Text Box Tests-1] INFO  com.automation.demo.utils.DriverFactory - chrome browser is selected for execution
2025-07-21 17:23:01.122 [TestNG-test-Text Box Tests-1] INFO  com.automation.demo.tests.BaseTest - Webdriver initialized for browser: chrome
2025-07-21 17:23:24.941 [TestNG-test-Text Box Tests-1] DEBUG com.automation.demo.pageobjects.BasePage - BasePage initialized with WebDriverWait for 10 seconds.
2025-07-21 17:23:24.941 [TestNG-test-Text Box Tests-1] DEBUG com.automation.demo.pageobjects.TextBoxPage - TextBoxPage initialized with WebDriver.
2025-07-21 17:23:25.062 [TestNG-test-Text Box Tests-1] INFO  com.automation.demo.pageobjects.TextBoxPage - Entering email: john@example.com
2025-07-21 17:23:25.423 [TestNG-test-Text Box Tests-1] INFO  com.automation.demo.pageobjects.TextBoxPage - Clicking the submit button 
2025-07-21 17:23:25.580 [TestNG-test-Text Box Tests-1] INFO  com.automation.demo.tests.BaseTest - Closing the browser
2025-07-21 17:23:26.258 [TestNG-test-Text Box Tests-1] INFO  com.automation.demo.tests.BaseTest - Browser closed and driver unloaded
2025-07-21 17:38:47.285 [TestNG-test-Text Box Tests-1] DEBUG com.automation.demo.tests.BaseTest - Browser selected from TestNG XML/Maven parameter: chrome
2025-07-21 17:38:47.313 [TestNG-test-Text Box Tests-1] INFO  com.automation.demo.utils.DriverFactory - chrome browser is selected for execution
2025-07-21 17:38:50.810 [TestNG-test-Text Box Tests-1] INFO  com.automation.demo.tests.BaseTest - Webdriver initialized for browser: chrome
2025-07-21 17:38:58.256 [TestNG-test-Text Box Tests-1] INFO  com.automation.demo.utils.ConfigReader - Successfully loaded configuration from: config.properties
2025-07-21 17:38:58.257 [TestNG-test-Text Box Tests-1] DEBUG com.automation.demo.pageobjects.BasePage - BasePage initialized with WebDriverWait for 10 seconds.
2025-07-21 17:38:58.260 [TestNG-test-Text Box Tests-1] DEBUG com.automation.demo.pageobjects.TextBoxPage - TextBoxPage initialized with WebDriver.
2025-07-21 17:38:58.262 [TestNG-test-Text Box Tests-1] INFO  com.automation.demo.pageobjects.BasePage - Waiting for element to be visible: By.id: userName
2025-07-21 17:38:58.372 [TestNG-test-Text Box Tests-1] INFO  com.automation.demo.pageobjects.BasePage - Entering text 'Ujjawal Verma' into element: By.id: userName
2025-07-21 17:38:58.734 [TestNG-test-Text Box Tests-1] INFO  com.automation.demo.pageobjects.TextBoxPage - Entering email: ujjawal@example.com
2025-07-21 17:38:58.734 [TestNG-test-Text Box Tests-1] INFO  com.automation.demo.pageobjects.BasePage - Waiting for element to be visible: By.id: userEmail
2025-07-21 17:38:58.812 [TestNG-test-Text Box Tests-1] INFO  com.automation.demo.pageobjects.BasePage - Entering text 'ujjawal@example.com' into element: By.id: userEmail
2025-07-21 17:38:59.110 [TestNG-test-Text Box Tests-1] INFO  com.automation.demo.pageobjects.BasePage - Waiting for element to be visible: By.id: currentAddress
2025-07-21 17:38:59.290 [TestNG-test-Text Box Tests-1] INFO  com.automation.demo.pageobjects.BasePage - Entering text '123 Test Lane' into element: By.id: currentAddress
2025-07-21 17:39:00.268 [TestNG-test-Text Box Tests-1] INFO  com.automation.demo.pageobjects.BasePage - Waiting for element to be visible: By.id: permanentAddress
2025-07-21 17:39:00.333 [TestNG-test-Text Box Tests-1] INFO  com.automation.demo.pageobjects.BasePage - Entering text '456 Automation St' into element: By.id: permanentAddress
2025-07-21 17:39:00.692 [TestNG-test-Text Box Tests-1] INFO  com.automation.demo.pageobjects.BasePage - Waiting for element to be visible: By.id: submit
2025-07-21 17:39:00.903 [TestNG-test-Text Box Tests-1] INFO  com.automation.demo.pageobjects.BasePage - Scrolling into view for element: By.id: submit
2025-07-21 17:39:00.945 [TestNG-test-Text Box Tests-1] INFO  com.automation.demo.pageobjects.BasePage - Waiting for element to be clickable: By.id: submit
2025-07-21 17:39:01.052 [TestNG-test-Text Box Tests-1] INFO  com.automation.demo.pageobjects.BasePage - Clicking on element: By.id: submit
2025-07-21 17:39:01.365 [TestNG-test-Text Box Tests-1] INFO  com.automation.demo.pageobjects.BasePage - Waiting for element to be visible: By.id: output
2025-07-21 17:39:01.477 [TestNG-test-Text Box Tests-1] INFO  com.automation.demo.pageobjects.BasePage - Getting text from element: By.id: output - Text: Name:Ujjawal Verma
Email:ujjawal@example.com
Current Address :123 Test Lane
Permananet Address :456 Automation St
2025-07-21 17:39:01.494 [TestNG-test-Text Box Tests-1] INFO  com.automation.demo.tests.BaseTest - Closing the browser
2025-07-21 17:39:03.048 [TestNG-test-Text Box Tests-1] INFO  com.automation.demo.tests.BaseTest - Browser closed and driver unloaded
2025-07-21 17:39:03.053 [TestNG-test-Text Box Tests-1] DEBUG com.automation.demo.tests.BaseTest - Browser selected from TestNG XML/Maven parameter: chrome
2025-07-21 17:39:03.053 [TestNG-test-Text Box Tests-1] INFO  com.automation.demo.utils.DriverFactory - chrome browser is selected for execution
2025-07-21 17:39:05.414 [TestNG-test-Text Box Tests-1] INFO  com.automation.demo.tests.BaseTest - Webdriver initialized for browser: chrome
2025-07-21 17:39:10.414 [TestNG-test-Text Box Tests-1] DEBUG com.automation.demo.pageobjects.BasePage - BasePage initialized with WebDriverWait for 10 seconds.
2025-07-21 17:39:10.415 [TestNG-test-Text Box Tests-1] DEBUG com.automation.demo.pageobjects.TextBoxPage - TextBoxPage initialized with WebDriver.
2025-07-21 17:39:10.417 [TestNG-test-Text Box Tests-1] INFO  com.automation.demo.pageobjects.BasePage - Waiting for element to be visible: By.id: userName
2025-07-21 17:39:10.503 [TestNG-test-Text Box Tests-1] INFO  com.automation.demo.pageobjects.BasePage - Entering text 'John Doe' into element: By.id: userName
2025-07-21 17:39:11.009 [TestNG-test-Text Box Tests-1] INFO  com.automation.demo.pageobjects.TextBoxPage - Entering email: john@example.com
2025-07-21 17:39:11.009 [TestNG-test-Text Box Tests-1] INFO  com.automation.demo.pageobjects.BasePage - Waiting for element to be visible: By.id: userEmail
2025-07-21 17:39:11.090 [TestNG-test-Text Box Tests-1] INFO  com.automation.demo.pageobjects.BasePage - Entering text 'john@example.com' into element: By.id: userEmail
2025-07-21 17:39:11.802 [TestNG-test-Text Box Tests-1] INFO  com.automation.demo.pageobjects.BasePage - Waiting for element to be visible: By.id: currentAddress
2025-07-21 17:39:11.873 [TestNG-test-Text Box Tests-1] INFO  com.automation.demo.pageobjects.BasePage - Entering text '456 A St' into element: By.id: currentAddress
2025-07-21 17:39:12.291 [TestNG-test-Text Box Tests-1] INFO  com.automation.demo.pageobjects.BasePage - Waiting for element to be visible: By.id: permanentAddress
2025-07-21 17:39:12.378 [TestNG-test-Text Box Tests-1] INFO  com.automation.demo.pageobjects.BasePage - Entering text '789 B Ave' into element: By.id: permanentAddress
2025-07-21 17:39:12.763 [TestNG-test-Text Box Tests-1] INFO  com.automation.demo.pageobjects.BasePage - Waiting for element to be visible: By.id: submit
2025-07-21 17:39:12.874 [TestNG-test-Text Box Tests-1] INFO  com.automation.demo.pageobjects.BasePage - Scrolling into view for element: By.id: submit
2025-07-21 17:39:12.912 [TestNG-test-Text Box Tests-1] INFO  com.automation.demo.pageobjects.BasePage - Waiting for element to be clickable: By.id: submit
2025-07-21 17:39:13.010 [TestNG-test-Text Box Tests-1] INFO  com.automation.demo.pageobjects.BasePage - Clicking on element: By.id: submit
2025-07-21 17:39:13.390 [TestNG-test-Text Box Tests-1] INFO  com.automation.demo.pageobjects.BasePage - Waiting for element to be visible: By.id: output
2025-07-21 17:39:13.525 [TestNG-test-Text Box Tests-1] INFO  com.automation.demo.pageobjects.BasePage - Getting text from element: By.id: output - Text: Name:John Doe
Email:john@example.com
Current Address :456 A St
Permananet Address :789 B Ave
2025-07-21 17:39:13.528 [TestNG-test-Text Box Tests-1] INFO  com.automation.demo.tests.BaseTest - Closing the browser
2025-07-21 17:39:15.414 [TestNG-test-Text Box Tests-1] INFO  com.automation.demo.tests.BaseTest - Browser closed and driver unloaded
2025-07-21 23:29:18.447 [TestNG-test-Text Box Tests-1] DEBUG com.automation.demo.tests.BaseTest - Browser selected from TestNG XML/Maven parameter: chrome
2025-07-21 23:29:18.482 [TestNG-test-Text Box Tests-1] INFO  com.automation.demo.utils.DriverFactory - chrome browser is selected for execution
2025-07-21 23:29:21.737 [TestNG-test-Text Box Tests-1] INFO  com.automation.demo.tests.BaseTest - Webdriver initialized for browser: chrome
2025-07-21 23:29:32.098 [TestNG-test-Text Box Tests-1] INFO  com.automation.demo.utils.ConfigReader - Successfully loaded configuration from: config.properties
2025-07-21 23:29:32.099 [TestNG-test-Text Box Tests-1] WARN  com.automation.demo.utils.ConfigReader - Property 'default.explicit.wait.seconds' not found in config.properties.
2025-07-21 23:29:32.113 [TestNG-test-Text Box Tests-1] INFO  com.automation.demo.tests.BaseTest - Closing the browser
2025-07-21 23:29:32.991 [TestNG-test-Text Box Tests-1] INFO  com.automation.demo.tests.BaseTest - Browser closed and driver unloaded
2025-07-21 23:29:32.994 [TestNG-test-Text Box Tests-1] DEBUG com.automation.demo.tests.BaseTest - Browser selected from TestNG XML/Maven parameter: chrome
2025-07-21 23:29:32.994 [TestNG-test-Text Box Tests-1] INFO  com.automation.demo.utils.DriverFactory - chrome browser is selected for execution
2025-07-21 23:29:35.197 [TestNG-test-Text Box Tests-1] INFO  com.automation.demo.tests.BaseTest - Webdriver initialized for browser: chrome
2025-07-21 23:29:38.459 [TestNG-test-Text Box Tests-1] WARN  com.automation.demo.utils.ConfigReader - Property 'default.explicit.wait.seconds' not found in config.properties.
2025-07-21 23:29:38.469 [TestNG-test-Text Box Tests-1] INFO  com.automation.demo.tests.BaseTest - Closing the browser
2025-07-21 23:29:40.453 [TestNG-test-Text Box Tests-1] INFO  com.automation.demo.tests.BaseTest - Browser closed and driver unloaded
2025-07-21 23:30:51.404 [TestNG-test-Text Box Tests-1] DEBUG com.automation.demo.tests.BaseTest - Browser selected from TestNG XML/Maven parameter: chrome
2025-07-21 23:30:51.410 [TestNG-test-Text Box Tests-1] INFO  com.automation.demo.utils.DriverFactory - chrome browser is selected for execution
2025-07-21 23:30:53.409 [TestNG-test-Text Box Tests-1] INFO  com.automation.demo.tests.BaseTest - Webdriver initialized for browser: chrome
2025-07-21 23:31:17.263 [TestNG-test-Text Box Tests-1] INFO  com.automation.demo.utils.ConfigReader - Successfully loaded configuration from: config.properties
2025-07-21 23:31:17.263 [TestNG-test-Text Box Tests-1] DEBUG com.automation.demo.pageobjects.BasePage - BasePage initialized with WebDriverWait for 10 seconds.
2025-07-21 23:31:17.290 [TestNG-test-Text Box Tests-1] DEBUG com.automation.demo.pageobjects.TextBoxPage - TextBoxPage initialized with WebDriver using PageFactory.
2025-07-21 23:31:17.290 [TestNG-test-Text Box Tests-1] INFO  com.automation.demo.pageobjects.BasePage - Waiting for WebElement to be visible.
2025-07-21 23:31:17.329 [TestNG-test-Text Box Tests-1] INFO  com.automation.demo.pageobjects.BasePage - Entering text 'Ujjawal Verma' into WebElement.
2025-07-21 23:31:17.516 [TestNG-test-Text Box Tests-1] INFO  com.automation.demo.pageobjects.TextBoxPage - Entering email: ujjawal@example.com
2025-07-21 23:31:17.516 [TestNG-test-Text Box Tests-1] INFO  com.automation.demo.pageobjects.BasePage - Waiting for WebElement to be visible.
2025-07-21 23:31:17.529 [TestNG-test-Text Box Tests-1] INFO  com.automation.demo.pageobjects.BasePage - Entering text 'ujjawal@example.com' into WebElement.
2025-07-21 23:31:17.790 [TestNG-test-Text Box Tests-1] INFO  com.automation.demo.pageobjects.BasePage - Waiting for WebElement to be visible.
2025-07-21 23:31:17.815 [TestNG-test-Text Box Tests-1] INFO  com.automation.demo.pageobjects.BasePage - Entering text '123 Test Lane' into WebElement.
2025-07-21 23:31:17.964 [TestNG-test-Text Box Tests-1] INFO  com.automation.demo.pageobjects.BasePage - Waiting for WebElement to be visible.
2025-07-21 23:31:18.003 [TestNG-test-Text Box Tests-1] INFO  com.automation.demo.pageobjects.BasePage - Entering text '456 Automation St' into WebElement.
2025-07-21 23:31:18.148 [TestNG-test-Text Box Tests-1] INFO  com.automation.demo.pageobjects.BasePage - Scrolling WebElement into view.
2025-07-21 23:31:18.180 [TestNG-test-Text Box Tests-1] INFO  com.automation.demo.pageobjects.BasePage - Waiting for WebElement to be clickable.
2025-07-21 23:31:18.282 [TestNG-test-Text Box Tests-1] INFO  com.automation.demo.pageobjects.BasePage - Clicking on WebElement.
2025-07-21 23:31:18.395 [TestNG-test-Text Box Tests-1] INFO  com.automation.demo.pageobjects.BasePage - Waiting for WebElement to be visible.
2025-07-21 23:31:18.496 [TestNG-test-Text Box Tests-1] INFO  com.automation.demo.pageobjects.BasePage - Getting text from WebElement - Text: Name:Ujjawal Verma
Email:ujjawal@example.com
Current Address :123 Test Lane
Permananet Address :456 Automation St
2025-07-21 23:31:18.508 [TestNG-test-Text Box Tests-1] INFO  com.automation.demo.tests.BaseTest - Closing the browser
2025-07-21 23:31:20.958 [TestNG-test-Text Box Tests-1] INFO  com.automation.demo.tests.BaseTest - Browser closed and driver unloaded
2025-07-21 23:31:20.960 [TestNG-test-Text Box Tests-1] DEBUG com.automation.demo.tests.BaseTest - Browser selected from TestNG XML/Maven parameter: chrome
2025-07-21 23:31:20.960 [TestNG-test-Text Box Tests-1] INFO  com.automation.demo.utils.DriverFactory - chrome browser is selected for execution
2025-07-21 23:31:22.540 [TestNG-test-Text Box Tests-1] INFO  com.automation.demo.tests.BaseTest - Webdriver initialized for browser: chrome
2025-07-21 23:31:30.516 [TestNG-test-Text Box Tests-1] DEBUG com.automation.demo.pageobjects.BasePage - BasePage initialized with WebDriverWait for 10 seconds.
2025-07-21 23:31:30.518 [TestNG-test-Text Box Tests-1] DEBUG com.automation.demo.pageobjects.TextBoxPage - TextBoxPage initialized with WebDriver using PageFactory.
2025-07-21 23:31:30.519 [TestNG-test-Text Box Tests-1] INFO  com.automation.demo.pageobjects.BasePage - Waiting for WebElement to be visible.
2025-07-21 23:31:30.657 [TestNG-test-Text Box Tests-1] INFO  com.automation.demo.pageobjects.BasePage - Entering text 'John Doe' into WebElement.
2025-07-21 23:31:30.972 [TestNG-test-Text Box Tests-1] INFO  com.automation.demo.pageobjects.TextBoxPage - Entering email: john@example.com
2025-07-21 23:31:30.972 [TestNG-test-Text Box Tests-1] INFO  com.automation.demo.pageobjects.BasePage - Waiting for WebElement to be visible.
2025-07-21 23:31:31.002 [TestNG-test-Text Box Tests-1] INFO  com.automation.demo.pageobjects.BasePage - Entering text 'john@example.com' into WebElement.
2025-07-21 23:31:31.200 [TestNG-test-Text Box Tests-1] INFO  com.automation.demo.pageobjects.BasePage - Waiting for WebElement to be visible.
2025-07-21 23:31:31.254 [TestNG-test-Text Box Tests-1] INFO  com.automation.demo.pageobjects.BasePage - Entering text '456 A St' into WebElement.
2025-07-21 23:31:31.522 [TestNG-test-Text Box Tests-1] INFO  com.automation.demo.pageobjects.BasePage - Waiting for WebElement to be visible.
2025-07-21 23:31:31.577 [TestNG-test-Text Box Tests-1] INFO  com.automation.demo.pageobjects.BasePage - Entering text '789 B Ave' into WebElement.
2025-07-21 23:31:31.782 [TestNG-test-Text Box Tests-1] INFO  com.automation.demo.pageobjects.BasePage - Scrolling WebElement into view.
2025-07-21 23:31:31.823 [TestNG-test-Text Box Tests-1] INFO  com.automation.demo.pageobjects.BasePage - Waiting for WebElement to be clickable.
2025-07-21 23:31:31.910 [TestNG-test-Text Box Tests-1] INFO  com.automation.demo.pageobjects.BasePage - Clicking on WebElement.
2025-07-21 23:31:32.031 [TestNG-test-Text Box Tests-1] INFO  com.automation.demo.pageobjects.BasePage - Waiting for WebElement to be visible.
2025-07-21 23:31:32.097 [TestNG-test-Text Box Tests-1] INFO  com.automation.demo.pageobjects.BasePage - Getting text from WebElement - Text: Name:John Doe
Email:john@example.com
Current Address :456 A St
Permananet Address :789 B Ave
2025-07-21 23:31:32.099 [TestNG-test-Text Box Tests-1] INFO  com.automation.demo.tests.BaseTest - Closing the browser
2025-07-21 23:31:32.945 [TestNG-test-Text Box Tests-1] INFO  com.automation.demo.tests.BaseTest - Browser closed and driver unloaded
2025-07-22 12:39:50.436 [TestNG-test-Text Box Tests-1] DEBUG com.automation.demo.tests.BaseTest - Browser selected from TestNG XML/Maven parameter: chrome
2025-07-22 12:39:50.451 [TestNG-test-Text Box Tests-1] INFO  com.automation.demo.utils.DriverFactory - chrome browser is selected for execution
2025-07-22 12:39:55.436 [TestNG-test-Text Box Tests-1] INFO  com.automation.demo.tests.BaseTest - Webdriver initialized for browser: chrome
2025-07-22 12:41:36.257 [TestNG-test-Text Box Tests-1] INFO  com.automation.demo.utils.ConfigReader - Successfully loaded configuration from: config.properties
2025-07-22 12:41:36.260 [TestNG-test-Text Box Tests-1] DEBUG com.automation.demo.pageobjects.BasePage - BasePage initialized with WebDriverWait for 10 seconds.
2025-07-22 12:41:36.301 [TestNG-test-Text Box Tests-1] DEBUG com.automation.demo.pageobjects.TextBoxPage - TextBoxPage initialized with WebDriver using PageFactory.
2025-07-22 12:41:36.301 [TestNG-test-Text Box Tests-1] INFO  com.automation.demo.pageobjects.BasePage - Waiting for WebElement to be visible.
2025-07-22 12:41:36.371 [TestNG-test-Text Box Tests-1] INFO  com.automation.demo.pageobjects.BasePage - Entering text 'Ujjawal Verma' into WebElement.
2025-07-22 12:41:36.534 [TestNG-test-Text Box Tests-1] INFO  com.automation.demo.pageobjects.TextBoxPage - Entering email: ujjawal@example.com
2025-07-22 12:41:36.534 [TestNG-test-Text Box Tests-1] INFO  com.automation.demo.pageobjects.BasePage - Waiting for WebElement to be visible.
2025-07-22 12:41:36.563 [TestNG-test-Text Box Tests-1] INFO  com.automation.demo.pageobjects.BasePage - Entering text 'ujjawal@example.com' into WebElement.
2025-07-22 12:41:36.716 [TestNG-test-Text Box Tests-1] INFO  com.automation.demo.pageobjects.BasePage - Waiting for WebElement to be visible.
2025-07-22 12:41:36.747 [TestNG-test-Text Box Tests-1] INFO  com.automation.demo.pageobjects.BasePage - Entering text '123 Test Lane' into WebElement.
2025-07-22 12:41:36.935 [TestNG-test-Text Box Tests-1] INFO  com.automation.demo.pageobjects.BasePage - Waiting for WebElement to be visible.
2025-07-22 12:41:36.958 [TestNG-test-Text Box Tests-1] INFO  com.automation.demo.pageobjects.BasePage - Entering text '456 Automation St' into WebElement.
2025-07-22 12:41:37.321 [TestNG-test-Text Box Tests-1] INFO  com.automation.demo.pageobjects.BasePage - Scrolling WebElement into view.
2025-07-22 12:41:37.366 [TestNG-test-Text Box Tests-1] INFO  com.automation.demo.pageobjects.BasePage - Waiting for WebElement to be clickable.
2025-07-22 12:41:37.440 [TestNG-test-Text Box Tests-1] INFO  com.automation.demo.pageobjects.BasePage - Clicking on WebElement.
2025-07-22 12:41:37.590 [TestNG-test-Text Box Tests-1] INFO  com.automation.demo.pageobjects.BasePage - Waiting for WebElement to be visible.
2025-07-22 12:41:37.660 [TestNG-test-Text Box Tests-1] INFO  com.automation.demo.pageobjects.BasePage - Getting text from WebElement - Text: Name:Ujjawal Verma
Email:ujjawal@example.com
Current Address :123 Test Lane
Permananet Address :456 Automation St
2025-07-22 12:41:37.707 [TestNG-test-Text Box Tests-1] ERROR com.automation.demo.tests.BaseTest - Test failed: testTextBoxForm.FAILED! Taking screenshot.
2025-07-22 12:41:37.968 [TestNG-test-Text Box Tests-1] INFO  com.automation.demo.utils.ScreenshotUtil - Created screenshot directory: C:\Users\ujjawalverma\SeleniumDemo\target\screenshots
2025-07-22 12:41:37.986 [TestNG-test-Text Box Tests-1] INFO  com.automation.demo.utils.ScreenshotUtil - Screenshot saved to: C:\Users\ujjawalverma\SeleniumDemo\target\screenshots\testTextBoxForm_1753168297968.png
2025-07-22 12:41:37.987 [TestNG-test-Text Box Tests-1] INFO  com.automation.demo.tests.BaseTest - Closing the browser
2025-07-22 12:41:38.920 [TestNG-test-Text Box Tests-1] INFO  com.automation.demo.tests.BaseTest - Browser closed and driver unloaded
2025-07-22 12:41:38.924 [TestNG-test-Text Box Tests-1] DEBUG com.automation.demo.tests.BaseTest - Browser selected from TestNG XML/Maven parameter: chrome
2025-07-22 12:41:38.924 [TestNG-test-Text Box Tests-1] INFO  com.automation.demo.utils.DriverFactory - chrome browser is selected for execution
2025-07-22 12:41:40.966 [TestNG-test-Text Box Tests-1] INFO  com.automation.demo.tests.BaseTest - Webdriver initialized for browser: chrome
2025-07-22 12:44:19.330 [TestNG-test-Text Box Tests-1] DEBUG com.automation.demo.pageobjects.BasePage - BasePage initialized with WebDriverWait for 10 seconds.
2025-07-22 12:44:19.331 [TestNG-test-Text Box Tests-1] DEBUG com.automation.demo.pageobjects.TextBoxPage - TextBoxPage initialized with WebDriver using PageFactory.
2025-07-22 12:44:19.331 [TestNG-test-Text Box Tests-1] INFO  com.automation.demo.pageobjects.BasePage - Waiting for WebElement to be visible.
2025-07-22 12:44:19.378 [TestNG-test-Text Box Tests-1] INFO  com.automation.demo.pageobjects.BasePage - Entering text 'John Doe' into WebElement.
2025-07-22 12:44:19.660 [TestNG-test-Text Box Tests-1] INFO  com.automation.demo.pageobjects.TextBoxPage - Entering email: john@example.com
2025-07-22 12:44:19.661 [TestNG-test-Text Box Tests-1] INFO  com.automation.demo.pageobjects.BasePage - Waiting for WebElement to be visible.
2025-07-22 12:44:19.771 [TestNG-test-Text Box Tests-1] INFO  com.automation.demo.pageobjects.BasePage - Entering text 'john@example.com' into WebElement.
2025-07-22 12:44:19.926 [TestNG-test-Text Box Tests-1] INFO  com.automation.demo.pageobjects.BasePage - Waiting for WebElement to be visible.
2025-07-22 12:44:19.961 [TestNG-test-Text Box Tests-1] INFO  com.automation.demo.pageobjects.BasePage - Entering text '456 A St' into WebElement.
2025-07-22 12:44:20.116 [TestNG-test-Text Box Tests-1] INFO  com.automation.demo.pageobjects.BasePage - Waiting for WebElement to be visible.
2025-07-22 12:44:20.143 [TestNG-test-Text Box Tests-1] INFO  com.automation.demo.pageobjects.BasePage - Entering text '789 B Ave' into WebElement.
2025-07-22 12:44:20.307 [TestNG-test-Text Box Tests-1] INFO  com.automation.demo.pageobjects.BasePage - Scrolling WebElement into view.
2025-07-22 12:44:20.374 [TestNG-test-Text Box Tests-1] INFO  com.automation.demo.pageobjects.BasePage - Waiting for WebElement to be clickable.
2025-07-22 12:44:20.468 [TestNG-test-Text Box Tests-1] INFO  com.automation.demo.pageobjects.BasePage - Clicking on WebElement.
2025-07-22 12:44:20.679 [TestNG-test-Text Box Tests-1] INFO  com.automation.demo.pageobjects.BasePage - Waiting for WebElement to be visible.
2025-07-22 12:44:20.747 [TestNG-test-Text Box Tests-1] INFO  com.automation.demo.pageobjects.BasePage - Getting text from WebElement - Text: Name:John Doe
Email:john@example.com
Current Address :456 A St
Permananet Address :789 B Ave
2025-07-22 12:44:20.751 [TestNG-test-Text Box Tests-1] ERROR com.automation.demo.tests.BaseTest - Test failed: testTextBoxForm.FAILED! Taking screenshot.
2025-07-22 12:44:20.920 [TestNG-test-Text Box Tests-1] INFO  com.automation.demo.utils.ScreenshotUtil - Screenshot saved to: C:\Users\ujjawalverma\SeleniumDemo\target\screenshots\testTextBoxForm_1753168460914.png
2025-07-22 12:44:20.920 [TestNG-test-Text Box Tests-1] INFO  com.automation.demo.tests.BaseTest - Closing the browser
2025-07-22 12:44:21.882 [TestNG-test-Text Box Tests-1] INFO  com.automation.demo.tests.BaseTest - Browser closed and driver unloaded
2025-07-22 12:55:02.893 [TestNG-test-Text Box Tests-1] DEBUG com.automation.demo.tests.BaseTest - Browser selected from TestNG XML/Maven parameter: chrome
2025-07-22 12:55:02.928 [TestNG-test-Text Box Tests-1] INFO  com.automation.demo.utils.DriverFactory - chrome browser is selected for execution
2025-07-22 12:55:05.323 [TestNG-test-Text Box Tests-1] INFO  com.automation.demo.tests.BaseTest - Webdriver initialized for browser: chrome
2025-07-22 12:55:25.796 [TestNG-test-Text Box Tests-1] INFO  com.automation.demo.utils.ConfigReader - Successfully loaded configuration from: config.properties
2025-07-22 12:55:25.799 [TestNG-test-Text Box Tests-1] DEBUG com.automation.demo.pageobjects.BasePage - BasePage initialized with WebDriverWait for 10 seconds.
2025-07-22 12:55:25.866 [TestNG-test-Text Box Tests-1] DEBUG com.automation.demo.pageobjects.TextBoxPage - TextBoxPage initialized with WebDriver using PageFactory.
2025-07-22 12:55:25.868 [TestNG-test-Text Box Tests-1] INFO  com.automation.demo.pageobjects.BasePage - Waiting for WebElement to be visible.
2025-07-22 12:55:25.976 [TestNG-test-Text Box Tests-1] INFO  com.automation.demo.pageobjects.BasePage - Entering text 'Ujjawal Verma' into WebElement.
2025-07-22 12:55:26.220 [TestNG-test-Text Box Tests-1] INFO  com.automation.demo.pageobjects.TextBoxPage - Entering email: ujjawal@example.com
2025-07-22 12:55:26.220 [TestNG-test-Text Box Tests-1] INFO  com.automation.demo.pageobjects.BasePage - Waiting for WebElement to be visible.
2025-07-22 12:55:26.256 [TestNG-test-Text Box Tests-1] INFO  com.automation.demo.pageobjects.BasePage - Entering text 'ujjawal@example.com' into WebElement.
2025-07-22 12:55:26.563 [TestNG-test-Text Box Tests-1] INFO  com.automation.demo.pageobjects.BasePage - Waiting for WebElement to be visible.
2025-07-22 12:55:26.591 [TestNG-test-Text Box Tests-1] INFO  com.automation.demo.pageobjects.BasePage - Entering text '123 Test Lane' into WebElement.
2025-07-22 12:55:26.848 [TestNG-test-Text Box Tests-1] INFO  com.automation.demo.pageobjects.BasePage - Waiting for WebElement to be visible.
2025-07-22 12:55:26.905 [TestNG-test-Text Box Tests-1] INFO  com.automation.demo.pageobjects.BasePage - Entering text '456 Automation St' into WebElement.
2025-07-22 12:55:27.146 [TestNG-test-Text Box Tests-1] INFO  com.automation.demo.pageobjects.BasePage - Scrolling WebElement into view.
2025-07-22 12:55:27.184 [TestNG-test-Text Box Tests-1] INFO  com.automation.demo.pageobjects.BasePage - Waiting for WebElement to be clickable.
2025-07-22 12:55:27.270 [TestNG-test-Text Box Tests-1] INFO  com.automation.demo.pageobjects.BasePage - Clicking on WebElement.
2025-07-22 12:55:27.439 [TestNG-test-Text Box Tests-1] INFO  com.automation.demo.pageobjects.BasePage - Waiting for WebElement to be visible.
2025-07-22 12:55:27.489 [TestNG-test-Text Box Tests-1] INFO  com.automation.demo.pageobjects.BasePage - Getting text from WebElement - Text: Name:Ujjawal Verma
Email:ujjawal@example.com
Current Address :123 Test Lane
Permananet Address :456 Automation St
2025-07-22 12:55:27.516 [TestNG-test-Text Box Tests-1] ERROR com.automation.demo.tests.BaseTest - Test failed: testTextBoxForm.FAILED! Taking screenshot.
2025-07-22 12:55:27.668 [TestNG-test-Text Box Tests-1] INFO  com.automation.demo.utils.ScreenshotUtil - Created screenshot directory: C:\Users\ujjawalverma\SeleniumDemo\target\screenshots
2025-07-22 12:55:27.682 [TestNG-test-Text Box Tests-1] INFO  com.automation.demo.utils.ScreenshotUtil - Screenshot saved to: C:\Users\ujjawalverma\SeleniumDemo\target\screenshots\testTextBoxForm_1753169127669.png
2025-07-22 12:55:27.684 [TestNG-test-Text Box Tests-1] INFO  com.automation.demo.tests.BaseTest - Closing the browser
2025-07-22 12:55:28.809 [TestNG-test-Text Box Tests-1] INFO  com.automation.demo.tests.BaseTest - Browser closed and driver unloaded
2025-07-22 12:55:28.809 [TestNG-test-Text Box Tests-1] DEBUG com.automation.demo.tests.BaseTest - Browser selected from TestNG XML/Maven parameter: chrome
2025-07-22 12:55:28.809 [TestNG-test-Text Box Tests-1] INFO  com.automation.demo.utils.DriverFactory - chrome browser is selected for execution
2025-07-22 12:55:31.211 [TestNG-test-Text Box Tests-1] INFO  com.automation.demo.tests.BaseTest - Webdriver initialized for browser: chrome
2025-07-22 12:55:54.786 [TestNG-test-Text Box Tests-1] DEBUG com.automation.demo.pageobjects.BasePage - BasePage initialized with WebDriverWait for 10 seconds.
2025-07-22 12:55:54.786 [TestNG-test-Text Box Tests-1] DEBUG com.automation.demo.pageobjects.TextBoxPage - TextBoxPage initialized with WebDriver using PageFactory.
2025-07-22 12:55:54.786 [TestNG-test-Text Box Tests-1] INFO  com.automation.demo.pageobjects.BasePage - Waiting for WebElement to be visible.
2025-07-22 12:55:54.843 [TestNG-test-Text Box Tests-1] INFO  com.automation.demo.pageobjects.BasePage - Entering text 'John Doe' into WebElement.
2025-07-22 12:55:55.095 [TestNG-test-Text Box Tests-1] INFO  com.automation.demo.pageobjects.TextBoxPage - Entering email: john@example.com
2025-07-22 12:55:55.099 [TestNG-test-Text Box Tests-1] INFO  com.automation.demo.pageobjects.BasePage - Waiting for WebElement to be visible.
2025-07-22 12:55:55.167 [TestNG-test-Text Box Tests-1] INFO  com.automation.demo.pageobjects.BasePage - Entering text 'john@example.com' into WebElement.
2025-07-22 12:55:55.314 [TestNG-test-Text Box Tests-1] INFO  com.automation.demo.pageobjects.BasePage - Waiting for WebElement to be visible.
2025-07-22 12:55:55.337 [TestNG-test-Text Box Tests-1] INFO  com.automation.demo.pageobjects.BasePage - Entering text '456 A St' into WebElement.
2025-07-22 12:55:55.466 [TestNG-test-Text Box Tests-1] INFO  com.automation.demo.pageobjects.BasePage - Waiting for WebElement to be visible.
2025-07-22 12:55:55.506 [TestNG-test-Text Box Tests-1] INFO  com.automation.demo.pageobjects.BasePage - Entering text '789 B Ave' into WebElement.
2025-07-22 12:55:55.620 [TestNG-test-Text Box Tests-1] INFO  com.automation.demo.pageobjects.BasePage - Scrolling WebElement into view.
2025-07-22 12:55:55.641 [TestNG-test-Text Box Tests-1] INFO  com.automation.demo.pageobjects.BasePage - Waiting for WebElement to be clickable.
2025-07-22 12:55:55.707 [TestNG-test-Text Box Tests-1] INFO  com.automation.demo.pageobjects.BasePage - Clicking on WebElement.
2025-07-22 12:55:55.847 [TestNG-test-Text Box Tests-1] INFO  com.automation.demo.pageobjects.BasePage - Waiting for WebElement to be visible.
2025-07-22 12:55:55.924 [TestNG-test-Text Box Tests-1] INFO  com.automation.demo.pageobjects.BasePage - Getting text from WebElement - Text: Name:John Doe
Email:john@example.com
Current Address :456 A St
Permananet Address :789 B Ave
2025-07-22 12:55:55.928 [TestNG-test-Text Box Tests-1] ERROR com.automation.demo.tests.BaseTest - Test failed: testTextBoxForm.FAILED! Taking screenshot.
2025-07-22 12:55:56.064 [TestNG-test-Text Box Tests-1] INFO  com.automation.demo.utils.ScreenshotUtil - Screenshot saved to: C:\Users\ujjawalverma\SeleniumDemo\target\screenshots\testTextBoxForm_1753169156061.png
2025-07-22 12:55:56.065 [TestNG-test-Text Box Tests-1] INFO  com.automation.demo.tests.BaseTest - Closing the browser
2025-07-22 12:55:58.599 [TestNG-test-Text Box Tests-1] INFO  com.automation.demo.tests.BaseTest - Browser closed and driver unloaded
2025-07-22 13:20:03.564 [main] INFO  com.automation.demo.utils.AnnotationTransformer - AnnotationTransformer: Processing method: testTextBoxForm in class: UnknownClass
2025-07-22 13:20:03.677 [TestNG-test-Text Box Tests-1] DEBUG com.automation.demo.tests.BaseTest - Browser selected from TestNG XML/Maven parameter: chrome
2025-07-22 13:20:03.707 [TestNG-test-Text Box Tests-1] INFO  com.automation.demo.utils.DriverFactory - chrome browser is selected for execution
2025-07-22 13:20:06.125 [TestNG-test-Text Box Tests-1] INFO  com.automation.demo.tests.BaseTest - Webdriver initialized for browser: chrome
2025-07-22 13:20:08.002 [TestNG-test-Text Box Tests-1] INFO  com.automation.demo.utils.ConfigReader - Successfully loaded configuration from: config.properties
2025-07-22 13:20:08.002 [TestNG-test-Text Box Tests-1] DEBUG com.automation.demo.pageobjects.BasePage - BasePage initialized with WebDriverWait for 10 seconds.
2025-07-22 13:20:08.038 [TestNG-test-Text Box Tests-1] DEBUG com.automation.demo.pageobjects.TextBoxPage - TextBoxPage initialized with WebDriver using PageFactory.
2025-07-22 13:20:08.038 [TestNG-test-Text Box Tests-1] INFO  com.automation.demo.pageobjects.BasePage - Waiting for WebElement to be visible.
2025-07-22 13:20:18.602 [TestNG-test-Text Box Tests-1] ERROR com.automation.demo.tests.BaseTest - Test failed: testTextBoxForm.FAILED! Taking screenshot.
2025-07-22 13:20:18.730 [TestNG-test-Text Box Tests-1] INFO  com.automation.demo.utils.ScreenshotUtil - Created screenshot directory: C:\Users\ujjawalverma\SeleniumDemo\target\screenshots
2025-07-22 13:20:18.743 [TestNG-test-Text Box Tests-1] INFO  com.automation.demo.utils.ScreenshotUtil - Screenshot saved to: C:\Users\ujjawalverma\SeleniumDemo\target\screenshots\testTextBoxForm_1753170618730.png
2025-07-22 13:20:18.743 [TestNG-test-Text Box Tests-1] INFO  com.automation.demo.tests.BaseTest - Closing the browser
2025-07-22 13:20:21.023 [TestNG-test-Text Box Tests-1] INFO  com.automation.demo.tests.BaseTest - Browser closed and driver unloaded
2025-07-22 13:20:21.023 [TestNG-test-Text Box Tests-1] DEBUG com.automation.demo.tests.BaseTest - Browser selected from TestNG XML/Maven parameter: chrome
2025-07-22 13:20:21.023 [TestNG-test-Text Box Tests-1] INFO  com.automation.demo.utils.DriverFactory - chrome browser is selected for execution
2025-07-22 13:20:22.560 [TestNG-test-Text Box Tests-1] INFO  com.automation.demo.tests.BaseTest - Webdriver initialized for browser: chrome
2025-07-22 13:21:19.945 [TestNG-test-Text Box Tests-1] DEBUG com.automation.demo.pageobjects.BasePage - BasePage initialized with WebDriverWait for 10 seconds.
2025-07-22 13:21:19.946 [TestNG-test-Text Box Tests-1] DEBUG com.automation.demo.pageobjects.TextBoxPage - TextBoxPage initialized with WebDriver using PageFactory.
2025-07-22 13:21:19.946 [TestNG-test-Text Box Tests-1] INFO  com.automation.demo.pageobjects.BasePage - Waiting for WebElement to be visible.
2025-07-22 13:21:19.996 [TestNG-test-Text Box Tests-1] INFO  com.automation.demo.pageobjects.BasePage - Entering text 'John Doe' into WebElement.
2025-07-22 13:21:20.220 [TestNG-test-Text Box Tests-1] INFO  com.automation.demo.pageobjects.TextBoxPage - Entering email: john@example.com
2025-07-22 13:21:20.220 [TestNG-test-Text Box Tests-1] INFO  com.automation.demo.pageobjects.BasePage - Waiting for WebElement to be visible.
2025-07-22 13:21:20.253 [TestNG-test-Text Box Tests-1] INFO  com.automation.demo.pageobjects.BasePage - Entering text 'john@example.com' into WebElement.
2025-07-22 13:21:20.436 [TestNG-test-Text Box Tests-1] INFO  com.automation.demo.pageobjects.BasePage - Waiting for WebElement to be visible.
2025-07-22 13:21:20.468 [TestNG-test-Text Box Tests-1] INFO  com.automation.demo.pageobjects.BasePage - Entering text '456 A St' into WebElement.
2025-07-22 13:21:20.639 [TestNG-test-Text Box Tests-1] INFO  com.automation.demo.pageobjects.BasePage - Waiting for WebElement to be visible.
2025-07-22 13:21:20.669 [TestNG-test-Text Box Tests-1] INFO  com.automation.demo.pageobjects.BasePage - Entering text '789 B Ave' into WebElement.
2025-07-22 13:21:20.843 [TestNG-test-Text Box Tests-1] INFO  com.automation.demo.pageobjects.BasePage - Scrolling WebElement into view.
2025-07-22 13:21:20.951 [TestNG-test-Text Box Tests-1] INFO  com.automation.demo.pageobjects.BasePage - Waiting for WebElement to be clickable.
2025-07-22 13:21:21.080 [TestNG-test-Text Box Tests-1] INFO  com.automation.demo.pageobjects.BasePage - Clicking on WebElement.
2025-07-22 13:21:21.235 [TestNG-test-Text Box Tests-1] INFO  com.automation.demo.pageobjects.BasePage - Waiting for WebElement to be visible.
2025-07-22 13:21:21.334 [TestNG-test-Text Box Tests-1] INFO  com.automation.demo.pageobjects.BasePage - Getting text from WebElement - Text: Name:John Doe
Email:john@example.com
Current Address :456 A St
Permananet Address :789 B Ave
2025-07-22 13:21:21.345 [TestNG-test-Text Box Tests-1] ERROR com.automation.demo.tests.BaseTest - Test failed: testTextBoxForm.FAILED! Taking screenshot.
2025-07-22 13:21:21.489 [TestNG-test-Text Box Tests-1] INFO  com.automation.demo.utils.ScreenshotUtil - Screenshot saved to: C:\Users\ujjawalverma\SeleniumDemo\target\screenshots\testTextBoxForm_1753170681486.png
2025-07-22 13:21:21.491 [TestNG-test-Text Box Tests-1] INFO  com.automation.demo.tests.BaseTest - Closing the browser
2025-07-22 13:21:22.404 [TestNG-test-Text Box Tests-1] INFO  com.automation.demo.tests.BaseTest - Browser closed and driver unloaded
2025-07-22 20:48:14.091 [main] INFO  com.automation.demo.utils.AnnotationTransformer - AnnotationTransformer: Processing method: testTextBoxForm in class: UnknownClass
2025-07-22 20:48:14.095 [main] INFO  com.automation.demo.utils.AnnotationTransformer - AnnotationTransformer: RetryAnalyzer already set for 'testTextBoxForm': org.testng.internal.annotations.DisabledRetryAnalyzer
2025-07-22 20:48:14.243 [TestNG-test-Text Box Tests-1] DEBUG com.automation.demo.tests.BaseTest - Browser selected from TestNG XML/Maven parameter: chrome
2025-07-22 20:48:14.264 [TestNG-test-Text Box Tests-1] INFO  com.automation.demo.utils.DriverFactory - chrome browser is selected for execution
2025-07-22 20:48:19.889 [TestNG-test-Text Box Tests-1] INFO  com.automation.demo.tests.BaseTest - Webdriver initialized for browser: chrome
2025-07-22 20:48:37.344 [TestNG-test-Text Box Tests-1] INFO  com.automation.demo.utils.ConfigReader - Successfully loaded configuration from: config.properties
2025-07-22 20:48:37.344 [TestNG-test-Text Box Tests-1] DEBUG com.automation.demo.pageobjects.BasePage - BasePage initialized with WebDriverWait for 10 seconds.
2025-07-22 20:48:37.401 [TestNG-test-Text Box Tests-1] DEBUG com.automation.demo.pageobjects.TextBoxPage - TextBoxPage initialized with WebDriver using PageFactory.
2025-07-22 20:48:37.403 [TestNG-test-Text Box Tests-1] INFO  com.automation.demo.pageobjects.BasePage - Waiting for WebElement to be visible.
2025-07-22 20:48:37.509 [TestNG-test-Text Box Tests-1] INFO  com.automation.demo.pageobjects.BasePage - Entering text 'Ujjawal Verma' into WebElement.
2025-07-22 20:48:37.800 [TestNG-test-Text Box Tests-1] INFO  com.automation.demo.pageobjects.TextBoxPage - Entering email: ujjawal@example.com
2025-07-22 20:48:37.800 [TestNG-test-Text Box Tests-1] INFO  com.automation.demo.pageobjects.BasePage - Waiting for WebElement to be visible.
2025-07-22 20:48:37.860 [TestNG-test-Text Box Tests-1] INFO  com.automation.demo.pageobjects.BasePage - Entering text 'ujjawal@example.com' into WebElement.
2025-07-22 20:48:38.137 [TestNG-test-Text Box Tests-1] INFO  com.automation.demo.pageobjects.BasePage - Waiting for WebElement to be visible.
2025-07-22 20:48:38.312 [TestNG-test-Text Box Tests-1] INFO  com.automation.demo.pageobjects.BasePage - Entering text '123 Test Lane' into WebElement.
2025-07-22 20:48:38.468 [TestNG-test-Text Box Tests-1] INFO  com.automation.demo.pageobjects.BasePage - Waiting for WebElement to be visible.
2025-07-22 20:48:38.507 [TestNG-test-Text Box Tests-1] INFO  com.automation.demo.pageobjects.BasePage - Entering text '456 Automation St' into WebElement.
2025-07-22 20:48:38.715 [TestNG-test-Text Box Tests-1] INFO  com.automation.demo.pageobjects.BasePage - Scrolling WebElement into view.
2025-07-22 20:48:38.750 [TestNG-test-Text Box Tests-1] INFO  com.automation.demo.pageobjects.BasePage - Waiting for WebElement to be clickable.
2025-07-22 20:48:38.846 [TestNG-test-Text Box Tests-1] INFO  com.automation.demo.pageobjects.BasePage - Clicking on WebElement.
2025-07-22 20:48:39.009 [TestNG-test-Text Box Tests-1] INFO  com.automation.demo.pageobjects.BasePage - Waiting for WebElement to be visible.
2025-07-22 20:48:39.100 [TestNG-test-Text Box Tests-1] INFO  com.automation.demo.pageobjects.BasePage - Getting text from WebElement - Text: Name:Ujjawal Verma
Email:ujjawal@example.com
Current Address :123 Test Lane
Permananet Address :456 Automation St
2025-07-22 20:48:39.124 [TestNG-test-Text Box Tests-1] ERROR com.automation.demo.tests.BaseTest - Test failed: testTextBoxForm.FAILED! Taking screenshot.
2025-07-22 20:48:39.365 [TestNG-test-Text Box Tests-1] INFO  com.automation.demo.utils.ScreenshotUtil - Created screenshot directory: C:\Users\ujjawalverma\SeleniumDemo\target\screenshots
2025-07-22 20:48:39.384 [TestNG-test-Text Box Tests-1] INFO  com.automation.demo.utils.ScreenshotUtil - Screenshot saved to: C:\Users\ujjawalverma\SeleniumDemo\target\screenshots\testTextBoxForm_1753197519365.png
2025-07-22 20:48:39.384 [TestNG-test-Text Box Tests-1] INFO  com.automation.demo.tests.BaseTest - Closing the browser
2025-07-22 20:48:40.206 [TestNG-test-Text Box Tests-1] INFO  com.automation.demo.tests.BaseTest - Browser closed and driver unloaded
2025-07-22 20:48:40.212 [TestNG-test-Text Box Tests-1] DEBUG com.automation.demo.tests.BaseTest - Browser selected from TestNG XML/Maven parameter: chrome
2025-07-22 20:48:40.212 [TestNG-test-Text Box Tests-1] INFO  com.automation.demo.utils.DriverFactory - chrome browser is selected for execution
2025-07-22 20:48:41.799 [TestNG-test-Text Box Tests-1] INFO  com.automation.demo.tests.BaseTest - Webdriver initialized for browser: chrome
2025-07-22 20:48:46.341 [TestNG-test-Text Box Tests-1] DEBUG com.automation.demo.pageobjects.BasePage - BasePage initialized with WebDriverWait for 10 seconds.
2025-07-22 20:48:46.342 [TestNG-test-Text Box Tests-1] DEBUG com.automation.demo.pageobjects.TextBoxPage - TextBoxPage initialized with WebDriver using PageFactory.
2025-07-22 20:48:46.343 [TestNG-test-Text Box Tests-1] INFO  com.automation.demo.pageobjects.BasePage - Waiting for WebElement to be visible.
2025-07-22 20:48:46.434 [TestNG-test-Text Box Tests-1] INFO  com.automation.demo.pageobjects.BasePage - Entering text 'John Doe' into WebElement.
2025-07-22 20:48:47.191 [TestNG-test-Text Box Tests-1] INFO  com.automation.demo.pageobjects.TextBoxPage - Entering email: john@example.com
2025-07-22 20:48:47.192 [TestNG-test-Text Box Tests-1] INFO  com.automation.demo.pageobjects.BasePage - Waiting for WebElement to be visible.
2025-07-22 20:48:47.419 [TestNG-test-Text Box Tests-1] INFO  com.automation.demo.pageobjects.BasePage - Entering text 'john@example.com' into WebElement.
2025-07-22 20:48:47.745 [TestNG-test-Text Box Tests-1] INFO  com.automation.demo.pageobjects.BasePage - Waiting for WebElement to be visible.
2025-07-22 20:48:47.828 [TestNG-test-Text Box Tests-1] INFO  com.automation.demo.pageobjects.BasePage - Entering text '456 A St' into WebElement.
2025-07-22 20:48:48.136 [TestNG-test-Text Box Tests-1] INFO  com.automation.demo.pageobjects.BasePage - Waiting for WebElement to be visible.
2025-07-22 20:48:48.211 [TestNG-test-Text Box Tests-1] INFO  com.automation.demo.pageobjects.BasePage - Entering text '789 B Ave' into WebElement.
2025-07-22 20:48:48.566 [TestNG-test-Text Box Tests-1] INFO  com.automation.demo.pageobjects.BasePage - Scrolling WebElement into view.
2025-07-22 20:48:48.648 [TestNG-test-Text Box Tests-1] INFO  com.automation.demo.pageobjects.BasePage - Waiting for WebElement to be clickable.
2025-07-22 20:48:48.807 [TestNG-test-Text Box Tests-1] INFO  com.automation.demo.pageobjects.BasePage - Clicking on WebElement.
2025-07-22 20:48:49.103 [TestNG-test-Text Box Tests-1] INFO  com.automation.demo.pageobjects.BasePage - Waiting for WebElement to be visible.
2025-07-22 20:48:49.233 [TestNG-test-Text Box Tests-1] INFO  com.automation.demo.pageobjects.BasePage - Getting text from WebElement - Text: Name:John Doe
Email:john@example.com
Current Address :456 A St
Permananet Address :789 B Ave
2025-07-22 20:48:49.237 [TestNG-test-Text Box Tests-1] ERROR com.automation.demo.tests.BaseTest - Test failed: testTextBoxForm.FAILED! Taking screenshot.
2025-07-22 20:48:49.442 [TestNG-test-Text Box Tests-1] INFO  com.automation.demo.utils.ScreenshotUtil - Screenshot saved to: C:\Users\ujjawalverma\SeleniumDemo\target\screenshots\testTextBoxForm_1753197529435.png
2025-07-22 20:48:49.442 [TestNG-test-Text Box Tests-1] INFO  com.automation.demo.tests.BaseTest - Closing the browser
2025-07-22 20:48:50.448 [TestNG-test-Text Box Tests-1] INFO  com.automation.demo.tests.BaseTest - Browser closed and driver unloaded
2025-07-22 20:56:41.437 [main] INFO  com.automation.demo.utils.AnnotationTransformer - AnnotationTransformer: Processing method: testTextBoxForm in class: UnknownClass
2025-07-22 20:56:41.448 [main] INFO  com.automation.demo.utils.AnnotationTransformer - AnnotationTransformer: Successfully applied TestRetryAnalyzer to: testTextBoxForm
2025-07-22 20:56:41.594 [TestNG-test-Text Box Tests-1] DEBUG com.automation.demo.tests.BaseTest - Browser selected from TestNG XML/Maven parameter: chrome
2025-07-22 20:56:41.594 [TestNG-test-Text Box Tests-1] INFO  com.automation.demo.utils.DriverFactory - chrome browser is selected for execution
2025-07-22 20:56:43.728 [TestNG-test-Text Box Tests-1] INFO  com.automation.demo.tests.BaseTest - Webdriver initialized for browser: chrome
2025-07-22 20:56:58.442 [TestNG-test-Text Box Tests-1] INFO  com.automation.demo.utils.ConfigReader - Successfully loaded configuration from: config.properties
2025-07-22 20:56:58.442 [TestNG-test-Text Box Tests-1] DEBUG com.automation.demo.pageobjects.BasePage - BasePage initialized with WebDriverWait for 10 seconds.
2025-07-22 20:56:58.474 [TestNG-test-Text Box Tests-1] DEBUG com.automation.demo.pageobjects.TextBoxPage - TextBoxPage initialized with WebDriver using PageFactory.
2025-07-22 20:56:58.474 [TestNG-test-Text Box Tests-1] INFO  com.automation.demo.pageobjects.BasePage - Waiting for WebElement to be visible.
2025-07-22 20:56:58.530 [TestNG-test-Text Box Tests-1] INFO  com.automation.demo.pageobjects.BasePage - Entering text 'Ujjawal Verma' into WebElement.
2025-07-22 20:56:58.920 [TestNG-test-Text Box Tests-1] INFO  com.automation.demo.pageobjects.TextBoxPage - Entering email: ujjawal@example.com
2025-07-22 20:56:58.922 [TestNG-test-Text Box Tests-1] INFO  com.automation.demo.pageobjects.BasePage - Waiting for WebElement to be visible.
2025-07-22 20:56:58.950 [TestNG-test-Text Box Tests-1] INFO  com.automation.demo.pageobjects.BasePage - Entering text 'ujjawal@example.com' into WebElement.
2025-07-22 20:56:59.106 [TestNG-test-Text Box Tests-1] INFO  com.automation.demo.pageobjects.BasePage - Waiting for WebElement to be visible.
2025-07-22 20:56:59.137 [TestNG-test-Text Box Tests-1] INFO  com.automation.demo.pageobjects.BasePage - Entering text '123 Test Lane' into WebElement.
2025-07-22 20:56:59.311 [TestNG-test-Text Box Tests-1] INFO  com.automation.demo.pageobjects.BasePage - Waiting for WebElement to be visible.
2025-07-22 20:56:59.346 [TestNG-test-Text Box Tests-1] INFO  com.automation.demo.pageobjects.BasePage - Entering text '456 Automation St' into WebElement.
2025-07-22 20:56:59.540 [TestNG-test-Text Box Tests-1] INFO  com.automation.demo.pageobjects.BasePage - Scrolling WebElement into view.
2025-07-22 20:56:59.617 [TestNG-test-Text Box Tests-1] INFO  com.automation.demo.pageobjects.BasePage - Waiting for WebElement to be clickable.
2025-07-22 20:56:59.709 [TestNG-test-Text Box Tests-1] INFO  com.automation.demo.pageobjects.BasePage - Clicking on WebElement.
2025-07-22 20:56:59.842 [TestNG-test-Text Box Tests-1] INFO  com.automation.demo.pageobjects.BasePage - Waiting for WebElement to be visible.
2025-07-22 20:56:59.893 [TestNG-test-Text Box Tests-1] INFO  com.automation.demo.pageobjects.BasePage - Getting text from WebElement - Text: Name:Ujjawal Verma
Email:ujjawal@example.com
Current Address :123 Test Lane
Permananet Address :456 Automation St
2025-07-22 20:56:59.906 [TestNG-test-Text Box Tests-1] INFO  com.automation.demo.utils.TestRetryAnalyzer - TestRetryAnalyzer initialized. Max retry count: 1
2025-07-22 20:56:59.906 [TestNG-test-Text Box Tests-1] WARN  com.automation.demo.utils.TestRetryAnalyzer - Retrying test method 'testTextBoxForm' for the 1 time(s).
2025-07-22 20:56:59.912 [TestNG-test-Text Box Tests-1] INFO  com.automation.demo.tests.BaseTest - Test passed: testTextBoxForm
2025-07-22 20:56:59.912 [TestNG-test-Text Box Tests-1] INFO  com.automation.demo.tests.BaseTest - Closing the browser
2025-07-22 20:57:00.931 [TestNG-test-Text Box Tests-1] INFO  com.automation.demo.tests.BaseTest - Browser closed and driver unloaded
2025-07-22 20:57:00.931 [TestNG-test-Text Box Tests-1] DEBUG com.automation.demo.tests.BaseTest - Browser selected from TestNG XML/Maven parameter: chrome
2025-07-22 20:57:00.931 [TestNG-test-Text Box Tests-1] INFO  com.automation.demo.utils.DriverFactory - chrome browser is selected for execution
2025-07-22 20:57:02.704 [TestNG-test-Text Box Tests-1] INFO  com.automation.demo.tests.BaseTest - Webdriver initialized for browser: chrome
2025-07-22 20:57:05.840 [TestNG-test-Text Box Tests-1] DEBUG com.automation.demo.pageobjects.BasePage - BasePage initialized with WebDriverWait for 10 seconds.
2025-07-22 20:57:05.842 [TestNG-test-Text Box Tests-1] DEBUG com.automation.demo.pageobjects.TextBoxPage - TextBoxPage initialized with WebDriver using PageFactory.
2025-07-22 20:57:05.843 [TestNG-test-Text Box Tests-1] INFO  com.automation.demo.pageobjects.BasePage - Waiting for WebElement to be visible.
2025-07-22 20:57:05.881 [TestNG-test-Text Box Tests-1] INFO  com.automation.demo.pageobjects.BasePage - Entering text 'Ujjawal Verma' into WebElement.
2025-07-22 20:57:06.074 [TestNG-test-Text Box Tests-1] INFO  com.automation.demo.pageobjects.TextBoxPage - Entering email: ujjawal@example.com
2025-07-22 20:57:06.074 [TestNG-test-Text Box Tests-1] INFO  com.automation.demo.pageobjects.BasePage - Waiting for WebElement to be visible.
2025-07-22 20:57:06.195 [TestNG-test-Text Box Tests-1] INFO  com.automation.demo.pageobjects.BasePage - Entering text 'ujjawal@example.com' into WebElement.
2025-07-22 20:57:06.533 [TestNG-test-Text Box Tests-1] INFO  com.automation.demo.pageobjects.BasePage - Waiting for WebElement to be visible.
2025-07-22 20:57:06.584 [TestNG-test-Text Box Tests-1] INFO  com.automation.demo.pageobjects.BasePage - Entering text '123 Test Lane' into WebElement.
2025-07-22 20:57:07.027 [TestNG-test-Text Box Tests-1] INFO  com.automation.demo.pageobjects.BasePage - Waiting for WebElement to be visible.
2025-07-22 20:57:07.103 [TestNG-test-Text Box Tests-1] INFO  com.automation.demo.pageobjects.BasePage - Entering text '456 Automation St' into WebElement.
2025-07-22 20:57:07.447 [TestNG-test-Text Box Tests-1] INFO  com.automation.demo.pageobjects.BasePage - Scrolling WebElement into view.
2025-07-22 20:57:07.522 [TestNG-test-Text Box Tests-1] INFO  com.automation.demo.pageobjects.BasePage - Waiting for WebElement to be clickable.
2025-07-22 20:57:07.639 [TestNG-test-Text Box Tests-1] INFO  com.automation.demo.pageobjects.BasePage - Clicking on WebElement.
2025-07-22 20:57:07.918 [TestNG-test-Text Box Tests-1] INFO  com.automation.demo.pageobjects.BasePage - Waiting for WebElement to be visible.
2025-07-22 20:57:08.092 [TestNG-test-Text Box Tests-1] INFO  com.automation.demo.pageobjects.BasePage - Getting text from WebElement - Text: Name:Ujjawal Verma
Email:ujjawal@example.com
Current Address :123 Test Lane
Permananet Address :456 Automation St
2025-07-22 20:57:08.095 [TestNG-test-Text Box Tests-1] INFO  com.automation.demo.utils.TestRetryAnalyzer - Test method 'testTextBoxForm' will not be retried further after 1 attempt(s).
2025-07-22 20:57:08.106 [TestNG-test-Text Box Tests-1] ERROR com.automation.demo.tests.BaseTest - Test failed: testTextBoxForm.FAILED! Taking screenshot.
2025-07-22 20:57:08.335 [TestNG-test-Text Box Tests-1] INFO  com.automation.demo.utils.ScreenshotUtil - Created screenshot directory: C:\Users\ujjawalverma\SeleniumDemo\target\screenshots
2025-07-22 20:57:08.357 [TestNG-test-Text Box Tests-1] INFO  com.automation.demo.utils.ScreenshotUtil - Screenshot saved to: C:\Users\ujjawalverma\SeleniumDemo\target\screenshots\testTextBoxForm_1753198028335.png
2025-07-22 20:57:08.358 [TestNG-test-Text Box Tests-1] INFO  com.automation.demo.tests.BaseTest - Closing the browser
2025-07-22 20:57:09.744 [TestNG-test-Text Box Tests-1] INFO  com.automation.demo.tests.BaseTest - Browser closed and driver unloaded
2025-07-22 20:57:09.747 [TestNG-test-Text Box Tests-1] DEBUG com.automation.demo.tests.BaseTest - Browser selected from TestNG XML/Maven parameter: chrome
2025-07-22 20:57:09.749 [TestNG-test-Text Box Tests-1] INFO  com.automation.demo.utils.DriverFactory - chrome browser is selected for execution
2025-07-22 20:57:12.072 [TestNG-test-Text Box Tests-1] INFO  com.automation.demo.tests.BaseTest - Webdriver initialized for browser: chrome
2025-07-22 20:57:15.946 [TestNG-test-Text Box Tests-1] DEBUG com.automation.demo.pageobjects.BasePage - BasePage initialized with WebDriverWait for 10 seconds.
2025-07-22 20:57:15.947 [TestNG-test-Text Box Tests-1] DEBUG com.automation.demo.pageobjects.TextBoxPage - TextBoxPage initialized with WebDriver using PageFactory.
2025-07-22 20:57:15.948 [TestNG-test-Text Box Tests-1] INFO  com.automation.demo.pageobjects.BasePage - Waiting for WebElement to be visible.
2025-07-22 20:57:16.002 [TestNG-test-Text Box Tests-1] INFO  com.automation.demo.pageobjects.BasePage - Entering text 'John Doe' into WebElement.
2025-07-22 20:57:16.470 [TestNG-test-Text Box Tests-1] INFO  com.automation.demo.pageobjects.TextBoxPage - Entering email: john@example.com
2025-07-22 20:57:16.470 [TestNG-test-Text Box Tests-1] INFO  com.automation.demo.pageobjects.BasePage - Waiting for WebElement to be visible.
2025-07-22 20:57:16.570 [TestNG-test-Text Box Tests-1] INFO  com.automation.demo.pageobjects.BasePage - Entering text 'john@example.com' into WebElement.
2025-07-22 20:57:17.074 [TestNG-test-Text Box Tests-1] INFO  com.automation.demo.pageobjects.BasePage - Waiting for WebElement to be visible.
2025-07-22 20:57:17.131 [TestNG-test-Text Box Tests-1] INFO  com.automation.demo.pageobjects.BasePage - Entering text '456 A St' into WebElement.
2025-07-22 20:57:17.415 [TestNG-test-Text Box Tests-1] INFO  com.automation.demo.pageobjects.BasePage - Waiting for WebElement to be visible.
2025-07-22 20:57:17.471 [TestNG-test-Text Box Tests-1] INFO  com.automation.demo.pageobjects.BasePage - Entering text '789 B Ave' into WebElement.
2025-07-22 20:57:17.699 [TestNG-test-Text Box Tests-1] INFO  com.automation.demo.pageobjects.BasePage - Scrolling WebElement into view.
2025-07-22 20:57:17.752 [TestNG-test-Text Box Tests-1] INFO  com.automation.demo.pageobjects.BasePage - Waiting for WebElement to be clickable.
2025-07-22 20:57:17.833 [TestNG-test-Text Box Tests-1] INFO  com.automation.demo.pageobjects.BasePage - Clicking on WebElement.
2025-07-22 20:57:18.063 [TestNG-test-Text Box Tests-1] INFO  com.automation.demo.pageobjects.BasePage - Waiting for WebElement to be visible.
2025-07-22 20:57:18.205 [TestNG-test-Text Box Tests-1] INFO  com.automation.demo.pageobjects.BasePage - Getting text from WebElement - Text: Name:John Doe
Email:john@example.com
Current Address :456 A St
Permananet Address :789 B Ave
2025-07-22 20:57:18.207 [TestNG-test-Text Box Tests-1] WARN  com.automation.demo.utils.TestRetryAnalyzer - Retrying test method 'testTextBoxForm' for the 1 time(s).
2025-07-22 20:57:18.209 [TestNG-test-Text Box Tests-1] INFO  com.automation.demo.tests.BaseTest - Test passed: testTextBoxForm
2025-07-22 20:57:18.210 [TestNG-test-Text Box Tests-1] INFO  com.automation.demo.tests.BaseTest - Closing the browser
2025-07-22 20:57:19.201 [TestNG-test-Text Box Tests-1] INFO  com.automation.demo.tests.BaseTest - Browser closed and driver unloaded
2025-07-22 20:57:19.201 [TestNG-test-Text Box Tests-1] DEBUG com.automation.demo.tests.BaseTest - Browser selected from TestNG XML/Maven parameter: chrome
2025-07-22 20:57:19.201 [TestNG-test-Text Box Tests-1] INFO  com.automation.demo.utils.DriverFactory - chrome browser is selected for execution
2025-07-22 20:57:21.161 [TestNG-test-Text Box Tests-1] INFO  com.automation.demo.tests.BaseTest - Webdriver initialized for browser: chrome
2025-07-22 20:57:25.242 [TestNG-test-Text Box Tests-1] DEBUG com.automation.demo.pageobjects.BasePage - BasePage initialized with WebDriverWait for 10 seconds.
2025-07-22 20:57:25.242 [TestNG-test-Text Box Tests-1] DEBUG com.automation.demo.pageobjects.TextBoxPage - TextBoxPage initialized with WebDriver using PageFactory.
2025-07-22 20:57:25.242 [TestNG-test-Text Box Tests-1] INFO  com.automation.demo.pageobjects.BasePage - Waiting for WebElement to be visible.
2025-07-22 20:57:25.282 [TestNG-test-Text Box Tests-1] INFO  com.automation.demo.pageobjects.BasePage - Entering text 'John Doe' into WebElement.
2025-07-22 20:57:25.845 [TestNG-test-Text Box Tests-1] INFO  com.automation.demo.pageobjects.TextBoxPage - Entering email: john@example.com
2025-07-22 20:57:25.845 [TestNG-test-Text Box Tests-1] INFO  com.automation.demo.pageobjects.BasePage - Waiting for WebElement to be visible.
2025-07-22 20:57:25.919 [TestNG-test-Text Box Tests-1] INFO  com.automation.demo.pageobjects.BasePage - Entering text 'john@example.com' into WebElement.
2025-07-22 20:57:26.366 [TestNG-test-Text Box Tests-1] INFO  com.automation.demo.pageobjects.BasePage - Waiting for WebElement to be visible.
2025-07-22 20:57:26.429 [TestNG-test-Text Box Tests-1] INFO  com.automation.demo.pageobjects.BasePage - Entering text '456 A St' into WebElement.
2025-07-22 20:57:26.689 [TestNG-test-Text Box Tests-1] INFO  com.automation.demo.pageobjects.BasePage - Waiting for WebElement to be visible.
2025-07-22 20:57:26.755 [TestNG-test-Text Box Tests-1] INFO  com.automation.demo.pageobjects.BasePage - Entering text '789 B Ave' into WebElement.
2025-07-22 20:57:27.038 [TestNG-test-Text Box Tests-1] INFO  com.automation.demo.pageobjects.BasePage - Scrolling WebElement into view.
2025-07-22 20:57:27.093 [TestNG-test-Text Box Tests-1] INFO  com.automation.demo.pageobjects.BasePage - Waiting for WebElement to be clickable.
2025-07-22 20:57:27.210 [TestNG-test-Text Box Tests-1] INFO  com.automation.demo.pageobjects.BasePage - Clicking on WebElement.
2025-07-22 20:57:27.472 [TestNG-test-Text Box Tests-1] INFO  com.automation.demo.pageobjects.BasePage - Waiting for WebElement to be visible.
2025-07-22 20:57:27.645 [TestNG-test-Text Box Tests-1] INFO  com.automation.demo.pageobjects.BasePage - Getting text from WebElement - Text: Name:John Doe
Email:john@example.com
Current Address :456 A St
Permananet Address :789 B Ave
2025-07-22 20:57:27.646 [TestNG-test-Text Box Tests-1] INFO  com.automation.demo.utils.TestRetryAnalyzer - Test method 'testTextBoxForm' will not be retried further after 1 attempt(s).
2025-07-22 20:57:27.649 [TestNG-test-Text Box Tests-1] ERROR com.automation.demo.tests.BaseTest - Test failed: testTextBoxForm.FAILED! Taking screenshot.
2025-07-22 20:57:27.874 [TestNG-test-Text Box Tests-1] INFO  com.automation.demo.utils.ScreenshotUtil - Screenshot saved to: C:\Users\ujjawalverma\SeleniumDemo\target\screenshots\testTextBoxForm_1753198047869.png
2025-07-22 20:57:27.875 [TestNG-test-Text Box Tests-1] INFO  com.automation.demo.tests.BaseTest - Closing the browser
2025-07-22 20:57:28.965 [TestNG-test-Text Box Tests-1] INFO  com.automation.demo.tests.BaseTest - Browser closed and driver unloaded
