<?xml version="1.0" encoding="UTF-8"?>
<testsuite xmlns:xsi="http://www.w3.org/2001/XMLSchema-instance" xsi:noNamespaceSchemaLocation="https://maven.apache.org/surefire/maven-surefire-plugin/xsd/surefire-test-report-3.0.xsd" version="3.0" name="TestSuite" time="48.467" tests="4" errors="0" skipped="2" failures="2">
  <properties>
    <property name="surefire.suiteXmlFiles" value="src/test/resources/testng/regression_suite.xml"/>
    <property name="java.specification.version" value="21"/>
    <property name="sun.cpu.isalist" value="amd64"/>
    <property name="sun.jnu.encoding" value="Cp1252"/>
    <property name="java.class.path" value="C:\Users\ujjawalverma\SeleniumDemo\target\test-classes;C:\Users\ujjawalverma\SeleniumDemo\target\classes;C:\Users\ujjawalverma\.m2\repository\org\seleniumhq\selenium\selenium-java\4.22.0\selenium-java-4.22.0.jar;C:\Users\ujjawalverma\.m2\repository\org\seleniumhq\selenium\selenium-api\4.22.0\selenium-api-4.22.0.jar;C:\Users\ujjawalverma\.m2\repository\org\seleniumhq\selenium\selenium-chrome-driver\4.22.0\selenium-chrome-driver-4.22.0.jar;C:\Users\ujjawalverma\.m2\repository\com\google\auto\service\auto-service-annotations\1.1.1\auto-service-annotations-1.1.1.jar;C:\Users\ujjawalverma\.m2\repository\org\seleniumhq\selenium\selenium-chromium-driver\4.22.0\selenium-chromium-driver-4.22.0.jar;C:\Users\ujjawalverma\.m2\repository\org\seleniumhq\selenium\selenium-json\4.22.0\selenium-json-4.22.0.jar;C:\Users\ujjawalverma\.m2\repository\org\seleniumhq\selenium\selenium-manager\4.22.0\selenium-manager-4.22.0.jar;C:\Users\ujjawalverma\.m2\repository\org\seleniumhq\selenium\selenium-devtools-v124\4.22.0\selenium-devtools-v124-4.22.0.jar;C:\Users\ujjawalverma\.m2\repository\org\seleniumhq\selenium\selenium-devtools-v125\4.22.0\selenium-devtools-v125-4.22.0.jar;C:\Users\ujjawalverma\.m2\repository\org\seleniumhq\selenium\selenium-devtools-v126\4.22.0\selenium-devtools-v126-4.22.0.jar;C:\Users\ujjawalverma\.m2\repository\org\seleniumhq\selenium\selenium-devtools-v85\4.22.0\selenium-devtools-v85-4.22.0.jar;C:\Users\ujjawalverma\.m2\repository\org\seleniumhq\selenium\selenium-edge-driver\4.22.0\selenium-edge-driver-4.22.0.jar;C:\Users\ujjawalverma\.m2\repository\org\seleniumhq\selenium\selenium-firefox-driver\4.22.0\selenium-firefox-driver-4.22.0.jar;C:\Users\ujjawalverma\.m2\repository\org\seleniumhq\selenium\selenium-http\4.22.0\selenium-http-4.22.0.jar;C:\Users\ujjawalverma\.m2\repository\dev\failsafe\failsafe\3.3.2\failsafe-3.3.2.jar;C:\Users\ujjawalverma\.m2\repository\org\seleniumhq\selenium\selenium-ie-driver\4.22.0\selenium-ie-driver-4.22.0.jar;C:\Users\ujjawalverma\.m2\repository\org\seleniumhq\selenium\selenium-remote-driver\4.22.0\selenium-remote-driver-4.22.0.jar;C:\Users\ujjawalverma\.m2\repository\com\google\guava\guava\33.2.1-jre\guava-33.2.1-jre.jar;C:\Users\ujjawalverma\.m2\repository\com\google\guava\failureaccess\1.0.2\failureaccess-1.0.2.jar;C:\Users\ujjawalverma\.m2\repository\com\google\guava\listenablefuture\9999.0-empty-to-avoid-conflict-with-guava\listenablefuture-9999.0-empty-to-avoid-conflict-with-guava.jar;C:\Users\ujjawalverma\.m2\repository\com\google\code\findbugs\jsr305\3.0.2\jsr305-3.0.2.jar;C:\Users\ujjawalverma\.m2\repository\org\checkerframework\checker-qual\3.42.0\checker-qual-3.42.0.jar;C:\Users\ujjawalverma\.m2\repository\com\google\errorprone\error_prone_annotations\2.26.1\error_prone_annotations-2.26.1.jar;C:\Users\ujjawalverma\.m2\repository\com\google\j2objc\j2objc-annotations\3.0.0\j2objc-annotations-3.0.0.jar;C:\Users\ujjawalverma\.m2\repository\io\opentelemetry\semconv\opentelemetry-semconv\1.25.0-alpha\opentelemetry-semconv-1.25.0-alpha.jar;C:\Users\ujjawalverma\.m2\repository\io\opentelemetry\opentelemetry-api\1.39.0\opentelemetry-api-1.39.0.jar;C:\Users\ujjawalverma\.m2\repository\io\opentelemetry\opentelemetry-context\1.39.0\opentelemetry-context-1.39.0.jar;C:\Users\ujjawalverma\.m2\repository\io\opentelemetry\opentelemetry-exporter-logging\1.39.0\opentelemetry-exporter-logging-1.39.0.jar;C:\Users\ujjawalverma\.m2\repository\io\opentelemetry\opentelemetry-sdk-common\1.39.0\opentelemetry-sdk-common-1.39.0.jar;C:\Users\ujjawalverma\.m2\repository\io\opentelemetry\opentelemetry-sdk-extension-autoconfigure-spi\1.39.0\opentelemetry-sdk-extension-autoconfigure-spi-1.39.0.jar;C:\Users\ujjawalverma\.m2\repository\io\opentelemetry\opentelemetry-sdk-extension-autoconfigure\1.39.0\opentelemetry-sdk-extension-autoconfigure-1.39.0.jar;C:\Users\ujjawalverma\.m2\repository\io\opentelemetry\opentelemetry-api-incubator\1.39.0-alpha\opentelemetry-api-incubator-1.39.0-alpha.jar;C:\Users\ujjawalverma\.m2\repository\io\opentelemetry\opentelemetry-sdk-trace\1.39.0\opentelemetry-sdk-trace-1.39.0.jar;C:\Users\ujjawalverma\.m2\repository\io\opentelemetry\opentelemetry-sdk\1.39.0\opentelemetry-sdk-1.39.0.jar;C:\Users\ujjawalverma\.m2\repository\io\opentelemetry\opentelemetry-sdk-metrics\1.39.0\opentelemetry-sdk-metrics-1.39.0.jar;C:\Users\ujjawalverma\.m2\repository\io\opentelemetry\opentelemetry-sdk-logs\1.39.0\opentelemetry-sdk-logs-1.39.0.jar;C:\Users\ujjawalverma\.m2\repository\net\bytebuddy\byte-buddy\1.14.17\byte-buddy-1.14.17.jar;C:\Users\ujjawalverma\.m2\repository\org\seleniumhq\selenium\selenium-os\4.22.0\selenium-os-4.22.0.jar;C:\Users\ujjawalverma\.m2\repository\org\apache\commons\commons-exec\1.4.0\commons-exec-1.4.0.jar;C:\Users\ujjawalverma\.m2\repository\org\seleniumhq\selenium\selenium-safari-driver\4.22.0\selenium-safari-driver-4.22.0.jar;C:\Users\ujjawalverma\.m2\repository\org\seleniumhq\selenium\selenium-support\4.22.0\selenium-support-4.22.0.jar;C:\Users\ujjawalverma\.m2\repository\org\testng\testng\7.10.1\testng-7.10.1.jar;C:\Users\ujjawalverma\.m2\repository\org\slf4j\slf4j-api\1.7.36\slf4j-api-1.7.36.jar;C:\Users\ujjawalverma\.m2\repository\com\beust\jcommander\1.82\jcommander-1.82.jar;C:\Users\ujjawalverma\.m2\repository\org\webjars\jquery\3.7.1\jquery-3.7.1.jar;C:\Users\ujjawalverma\.m2\repository\org\apache\logging\log4j\log4j-core\2.20.0\log4j-core-2.20.0.jar;C:\Users\ujjawalverma\.m2\repository\org\apache\logging\log4j\log4j-api\2.20.0\log4j-api-2.20.0.jar;C:\Users\ujjawalverma\.m2\repository\commons-io\commons-io\2.18.0\commons-io-2.18.0.jar;"/>
    <property name="java.vm.vendor" value="Eclipse Adoptium"/>
    <property name="sun.arch.data.model" value="64"/>
    <property name="user.variant" value=""/>
    <property name="java.vendor.url" value="https://adoptium.net/"/>
    <property name="user.timezone" value="Asia/Calcutta"/>
    <property name="os.name" value="Windows 11"/>
    <property name="java.vm.specification.version" value="21"/>
    <property name="sun.java.launcher" value="SUN_STANDARD"/>
    <property name="user.country" value="IN"/>
    <property name="sun.boot.library.path" value="C:\Users\ujjawalverma\AppData\Local\Programs\Eclipse Adoptium\jdk-21.0.7.6-hotspot\bin"/>
    <property name="sun.java.command" value="C:\Users\ujjawalverma\AppData\Local\Temp\surefire8389374914410100931\surefirebooter-20250722205640210_3.jar C:\Users\ujjawalverma\AppData\Local\Temp\surefire8389374914410100931 2025-07-22T20-56-40_129-jvmRun1 surefire-20250722205640210_1tmp surefire_0-20250722205640210_2tmp"/>
    <property name="jdk.debug" value="release"/>
    <property name="surefire.test.class.path" value="C:\Users\ujjawalverma\SeleniumDemo\target\test-classes;C:\Users\ujjawalverma\SeleniumDemo\target\classes;C:\Users\ujjawalverma\.m2\repository\org\seleniumhq\selenium\selenium-java\4.22.0\selenium-java-4.22.0.jar;C:\Users\ujjawalverma\.m2\repository\org\seleniumhq\selenium\selenium-api\4.22.0\selenium-api-4.22.0.jar;C:\Users\ujjawalverma\.m2\repository\org\seleniumhq\selenium\selenium-chrome-driver\4.22.0\selenium-chrome-driver-4.22.0.jar;C:\Users\ujjawalverma\.m2\repository\com\google\auto\service\auto-service-annotations\1.1.1\auto-service-annotations-1.1.1.jar;C:\Users\ujjawalverma\.m2\repository\org\seleniumhq\selenium\selenium-chromium-driver\4.22.0\selenium-chromium-driver-4.22.0.jar;C:\Users\ujjawalverma\.m2\repository\org\seleniumhq\selenium\selenium-json\4.22.0\selenium-json-4.22.0.jar;C:\Users\ujjawalverma\.m2\repository\org\seleniumhq\selenium\selenium-manager\4.22.0\selenium-manager-4.22.0.jar;C:\Users\ujjawalverma\.m2\repository\org\seleniumhq\selenium\selenium-devtools-v124\4.22.0\selenium-devtools-v124-4.22.0.jar;C:\Users\ujjawalverma\.m2\repository\org\seleniumhq\selenium\selenium-devtools-v125\4.22.0\selenium-devtools-v125-4.22.0.jar;C:\Users\ujjawalverma\.m2\repository\org\seleniumhq\selenium\selenium-devtools-v126\4.22.0\selenium-devtools-v126-4.22.0.jar;C:\Users\ujjawalverma\.m2\repository\org\seleniumhq\selenium\selenium-devtools-v85\4.22.0\selenium-devtools-v85-4.22.0.jar;C:\Users\ujjawalverma\.m2\repository\org\seleniumhq\selenium\selenium-edge-driver\4.22.0\selenium-edge-driver-4.22.0.jar;C:\Users\ujjawalverma\.m2\repository\org\seleniumhq\selenium\selenium-firefox-driver\4.22.0\selenium-firefox-driver-4.22.0.jar;C:\Users\ujjawalverma\.m2\repository\org\seleniumhq\selenium\selenium-http\4.22.0\selenium-http-4.22.0.jar;C:\Users\ujjawalverma\.m2\repository\dev\failsafe\failsafe\3.3.2\failsafe-3.3.2.jar;C:\Users\ujjawalverma\.m2\repository\org\seleniumhq\selenium\selenium-ie-driver\4.22.0\selenium-ie-driver-4.22.0.jar;C:\Users\ujjawalverma\.m2\repository\org\seleniumhq\selenium\selenium-remote-driver\4.22.0\selenium-remote-driver-4.22.0.jar;C:\Users\ujjawalverma\.m2\repository\com\google\guava\guava\33.2.1-jre\guava-33.2.1-jre.jar;C:\Users\ujjawalverma\.m2\repository\com\google\guava\failureaccess\1.0.2\failureaccess-1.0.2.jar;C:\Users\ujjawalverma\.m2\repository\com\google\guava\listenablefuture\9999.0-empty-to-avoid-conflict-with-guava\listenablefuture-9999.0-empty-to-avoid-conflict-with-guava.jar;C:\Users\ujjawalverma\.m2\repository\com\google\code\findbugs\jsr305\3.0.2\jsr305-3.0.2.jar;C:\Users\ujjawalverma\.m2\repository\org\checkerframework\checker-qual\3.42.0\checker-qual-3.42.0.jar;C:\Users\ujjawalverma\.m2\repository\com\google\errorprone\error_prone_annotations\2.26.1\error_prone_annotations-2.26.1.jar;C:\Users\ujjawalverma\.m2\repository\com\google\j2objc\j2objc-annotations\3.0.0\j2objc-annotations-3.0.0.jar;C:\Users\ujjawalverma\.m2\repository\io\opentelemetry\semconv\opentelemetry-semconv\1.25.0-alpha\opentelemetry-semconv-1.25.0-alpha.jar;C:\Users\ujjawalverma\.m2\repository\io\opentelemetry\opentelemetry-api\1.39.0\opentelemetry-api-1.39.0.jar;C:\Users\ujjawalverma\.m2\repository\io\opentelemetry\opentelemetry-context\1.39.0\opentelemetry-context-1.39.0.jar;C:\Users\ujjawalverma\.m2\repository\io\opentelemetry\opentelemetry-exporter-logging\1.39.0\opentelemetry-exporter-logging-1.39.0.jar;C:\Users\ujjawalverma\.m2\repository\io\opentelemetry\opentelemetry-sdk-common\1.39.0\opentelemetry-sdk-common-1.39.0.jar;C:\Users\ujjawalverma\.m2\repository\io\opentelemetry\opentelemetry-sdk-extension-autoconfigure-spi\1.39.0\opentelemetry-sdk-extension-autoconfigure-spi-1.39.0.jar;C:\Users\ujjawalverma\.m2\repository\io\opentelemetry\opentelemetry-sdk-extension-autoconfigure\1.39.0\opentelemetry-sdk-extension-autoconfigure-1.39.0.jar;C:\Users\ujjawalverma\.m2\repository\io\opentelemetry\opentelemetry-api-incubator\1.39.0-alpha\opentelemetry-api-incubator-1.39.0-alpha.jar;C:\Users\ujjawalverma\.m2\repository\io\opentelemetry\opentelemetry-sdk-trace\1.39.0\opentelemetry-sdk-trace-1.39.0.jar;C:\Users\ujjawalverma\.m2\repository\io\opentelemetry\opentelemetry-sdk\1.39.0\opentelemetry-sdk-1.39.0.jar;C:\Users\ujjawalverma\.m2\repository\io\opentelemetry\opentelemetry-sdk-metrics\1.39.0\opentelemetry-sdk-metrics-1.39.0.jar;C:\Users\ujjawalverma\.m2\repository\io\opentelemetry\opentelemetry-sdk-logs\1.39.0\opentelemetry-sdk-logs-1.39.0.jar;C:\Users\ujjawalverma\.m2\repository\net\bytebuddy\byte-buddy\1.14.17\byte-buddy-1.14.17.jar;C:\Users\ujjawalverma\.m2\repository\org\seleniumhq\selenium\selenium-os\4.22.0\selenium-os-4.22.0.jar;C:\Users\ujjawalverma\.m2\repository\org\apache\commons\commons-exec\1.4.0\commons-exec-1.4.0.jar;C:\Users\ujjawalverma\.m2\repository\org\seleniumhq\selenium\selenium-safari-driver\4.22.0\selenium-safari-driver-4.22.0.jar;C:\Users\ujjawalverma\.m2\repository\org\seleniumhq\selenium\selenium-support\4.22.0\selenium-support-4.22.0.jar;C:\Users\ujjawalverma\.m2\repository\org\testng\testng\7.10.1\testng-7.10.1.jar;C:\Users\ujjawalverma\.m2\repository\org\slf4j\slf4j-api\1.7.36\slf4j-api-1.7.36.jar;C:\Users\ujjawalverma\.m2\repository\com\beust\jcommander\1.82\jcommander-1.82.jar;C:\Users\ujjawalverma\.m2\repository\org\webjars\jquery\3.7.1\jquery-3.7.1.jar;C:\Users\ujjawalverma\.m2\repository\org\apache\logging\log4j\log4j-core\2.20.0\log4j-core-2.20.0.jar;C:\Users\ujjawalverma\.m2\repository\org\apache\logging\log4j\log4j-api\2.20.0\log4j-api-2.20.0.jar;C:\Users\ujjawalverma\.m2\repository\commons-io\commons-io\2.18.0\commons-io-2.18.0.jar;"/>
    <property name="sun.cpu.endian" value="little"/>
    <property name="user.home" value="C:\Users\ujjawalverma"/>
    <property name="user.language" value="en"/>
    <property name="java.specification.vendor" value="Oracle Corporation"/>
    <property name="java.version.date" value="2025-04-15"/>
    <property name="java.home" value="C:\Users\ujjawalverma\AppData\Local\Programs\Eclipse Adoptium\jdk-21.0.7.6-hotspot"/>
    <property name="file.separator" value="\"/>
    <property name="basedir" value="C:\Users\ujjawalverma\SeleniumDemo"/>
    <property name="java.vm.compressedOopsMode" value="Zero based"/>
    <property name="line.separator" value="&#10;"/>
    <property name="java.vm.specification.vendor" value="Oracle Corporation"/>
    <property name="java.specification.name" value="Java Platform API Specification"/>
    <property name="surefire.real.class.path" value="C:\Users\ujjawalverma\AppData\Local\Temp\surefire8389374914410100931\surefirebooter-20250722205640210_3.jar"/>
    <property name="user.script" value=""/>
    <property name="sun.management.compiler" value="HotSpot 64-Bit Tiered Compilers"/>
    <property name="java.runtime.version" value="21.0.7+6-LTS"/>
    <property name="user.name" value="ujjawalverma"/>
    <property name="stdout.encoding" value="Cp1252"/>
    <property name="path.separator" value=";"/>
    <property name="os.version" value="10.0"/>
    <property name="java.runtime.name" value="OpenJDK Runtime Environment"/>
    <property name="file.encoding" value="UTF-8"/>
    <property name="browser" value="chrome"/>
    <property name="java.vm.name" value="OpenJDK 64-Bit Server VM"/>
    <property name="java.vendor.version" value="Temurin-21.0.7+6"/>
    <property name="localRepository" value="C:\Users\ujjawalverma\.m2\repository"/>
    <property name="java.vendor.url.bug" value="https://github.com/adoptium/adoptium-support/issues"/>
    <property name="java.io.tmpdir" value="C:\Users\UJJAWA~1\AppData\Local\Temp\"/>
    <property name="java.version" value="21.0.7"/>
    <property name="user.dir" value="C:\Users\ujjawalverma\SeleniumDemo"/>
    <property name="os.arch" value="amd64"/>
    <property name="java.vm.specification.name" value="Java Virtual Machine Specification"/>
    <property name="sun.os.patch.level" value=""/>
    <property name="native.encoding" value="Cp1252"/>
    <property name="java.library.path" value="C:\Users\ujjawalverma\AppData\Local\Programs\Eclipse Adoptium\jdk-21.0.7.6-hotspot\bin;C:\WINDOWS\Sun\Java\bin;C:\WINDOWS\system32;C:\WINDOWS;C:\WINDOWS\system32;C:\WINDOWS;C:\WINDOWS\System32\Wbem;C:\WINDOWS\System32\WindowsPowerShell\v1.0\;C:\WINDOWS\System32\OpenSSH\;C:\Program Files\dotnet\;C:\Program Files\Git\cmd;C:\Program Files\TortoiseSVN\bin;C:\Users\ujjawalverma\AppData\Roaming\npm;C:\Program Files\nodejs\;C:\Users\ujjawalverma\AppData\Local\Programs\Python\Python313\Scripts;C:\Users\ujjawalverma\AppData\Local\Programs\Python\Python313;C:\Program Files\Microsoft VS Code\bin;C:\Users\ujjawalverma\AppData\Local\Programs\Python\Python313\Scripts\;C:\Users\ujjawalverma\AppData\Local\Programs\Python\Python313\;C:\Users\ujjawalverma\AppData\Local\Programs\Eclipse Adoptium\jdk-21.0.7.6-hotspot\bin;C:\Users\ujjawalverma\AppData\Local\Microsoft\WindowsApps;C:\Users\ujjawalverma\AppData\Local\Programs\Microsoft VS Code\bin;C:\Users\ujjawalverma\Downloads\apache-maven-3.9.9-bin\apache-maven-3.9.9\bin;C:\Users\ujjawalverma\AppData\Local\Programs\Ollama;."/>
    <property name="java.vm.info" value="mixed mode, sharing"/>
    <property name="stderr.encoding" value="Cp1252"/>
    <property name="java.vendor" value="Eclipse Adoptium"/>
    <property name="java.vm.version" value="21.0.7+6-LTS"/>
    <property name="sun.io.unicode.encoding" value="UnicodeLittle"/>
    <property name="java.class.version" value="65.0"/>
  </properties>
  <testcase name="testTextBoxForm[Ujjawal Verma, ujjawal@example.com, 123 Test Lane, 456 Automation St](1)" classname="com.automation.demo.tests.TextBoxFormTest" time="0.0">
    <skipped message="Email not found in output expected [true] but found [false]"/>
    <system-out><![CDATA[2025-07-22 20:56:41.437 [main] INFO  com.automation.demo.utils.AnnotationTransformer - AnnotationTransformer: Processing method: testTextBoxForm in class: UnknownClass
2025-07-22 20:56:41.448 [main] INFO  com.automation.demo.utils.AnnotationTransformer - AnnotationTransformer: Successfully applied TestRetryAnalyzer to: testTextBoxForm
2025-07-22 20:56:41.594 [TestNG-test-Text Box Tests-1] DEBUG com.automation.demo.tests.BaseTest - Browser selected from TestNG XML/Maven parameter: chrome
2025-07-22 20:56:41.594 [TestNG-test-Text Box Tests-1] INFO  com.automation.demo.utils.DriverFactory - chrome browser is selected for execution
2025-07-22 20:56:43.728 [TestNG-test-Text Box Tests-1] INFO  com.automation.demo.tests.BaseTest - Webdriver initialized for browser: chrome
Browser opened in thread: 35
Navigated to: https://demoqa.com/text-box
2025-07-22 20:56:58.442 [TestNG-test-Text Box Tests-1] INFO  com.automation.demo.utils.ConfigReader - Successfully loaded configuration from: config.properties
2025-07-22 20:56:58.442 [TestNG-test-Text Box Tests-1] DEBUG com.automation.demo.pageobjects.BasePage - BasePage initialized with WebDriverWait for 10 seconds.
2025-07-22 20:56:58.474 [TestNG-test-Text Box Tests-1] DEBUG com.automation.demo.pageobjects.TextBoxPage - TextBoxPage initialized with WebDriver using PageFactory.
2025-07-22 20:56:58.474 [TestNG-test-Text Box Tests-1] INFO  com.automation.demo.pageobjects.BasePage - Waiting for WebElement to be visible.
2025-07-22 20:56:58.530 [TestNG-test-Text Box Tests-1] INFO  com.automation.demo.pageobjects.BasePage - Entering text 'Ujjawal Verma' into WebElement.
2025-07-22 20:56:58.920 [TestNG-test-Text Box Tests-1] INFO  com.automation.demo.pageobjects.TextBoxPage - Entering email: ujjawal@example.com
2025-07-22 20:56:58.922 [TestNG-test-Text Box Tests-1] INFO  com.automation.demo.pageobjects.BasePage - Waiting for WebElement to be visible.
2025-07-22 20:56:58.950 [TestNG-test-Text Box Tests-1] INFO  com.automation.demo.pageobjects.BasePage - Entering text 'ujjawal@example.com' into WebElement.
2025-07-22 20:56:59.106 [TestNG-test-Text Box Tests-1] INFO  com.automation.demo.pageobjects.BasePage - Waiting for WebElement to be visible.
2025-07-22 20:56:59.137 [TestNG-test-Text Box Tests-1] INFO  com.automation.demo.pageobjects.BasePage - Entering text '123 Test Lane' into WebElement.
2025-07-22 20:56:59.311 [TestNG-test-Text Box Tests-1] INFO  com.automation.demo.pageobjects.BasePage - Waiting for WebElement to be visible.
2025-07-22 20:56:59.346 [TestNG-test-Text Box Tests-1] INFO  com.automation.demo.pageobjects.BasePage - Entering text '456 Automation St' into WebElement.
2025-07-22 20:56:59.540 [TestNG-test-Text Box Tests-1] INFO  com.automation.demo.pageobjects.BasePage - Scrolling WebElement into view.
2025-07-22 20:56:59.617 [TestNG-test-Text Box Tests-1] INFO  com.automation.demo.pageobjects.BasePage - Waiting for WebElement to be clickable.
2025-07-22 20:56:59.709 [TestNG-test-Text Box Tests-1] INFO  com.automation.demo.pageobjects.BasePage - Clicking on WebElement.
2025-07-22 20:56:59.842 [TestNG-test-Text Box Tests-1] INFO  com.automation.demo.pageobjects.BasePage - Waiting for WebElement to be visible.
2025-07-22 20:56:59.893 [TestNG-test-Text Box Tests-1] INFO  com.automation.demo.pageobjects.BasePage - Getting text from WebElement - Text: Name:Ujjawal Verma
Email:ujjawal@example.com
Current Address :123 Test Lane
Permananet Address :456 Automation St
2025-07-22 20:56:59.906 [TestNG-test-Text Box Tests-1] INFO  com.automation.demo.utils.TestRetryAnalyzer - TestRetryAnalyzer initialized. Max retry count: 1
2025-07-22 20:56:59.906 [TestNG-test-Text Box Tests-1] WARN  com.automation.demo.utils.TestRetryAnalyzer - Retrying test method 'testTextBoxForm' for the 1 time(s).
]]></system-out>
    <system-err><![CDATA[SLF4J: Failed to load class "org.slf4j.impl.StaticLoggerBinder".
SLF4J: Defaulting to no-operation (NOP) logger implementation
SLF4J: See http://www.slf4j.org/codes.html#StaticLoggerBinder for further details.
Jul 22, 2025 8:56:43 PM org.openqa.selenium.devtools.CdpVersionFinder findNearestMatch
WARNING: Unable to find CDP implementation matching 138
Jul 22, 2025 8:56:43 PM org.openqa.selenium.chromium.ChromiumDriver lambda$new$5
WARNING: Unable to find version of CDP to use for 138.0.7204.158. You may need to include a dependency on a specific version of the CDP using something similar to `org.seleniumhq.selenium:selenium-devtools-v86:4.22.0` where the version ("v86") matches the version of the chromium-based browser you're using and the version number of the artifact is the same as Selenium's.
]]></system-err>
  </testcase>
  <testcase name="testTextBoxForm[Ujjawal Verma, ujjawal@example.com, 123 Test Lane, 456 Automation St](2)" classname="com.automation.demo.tests.TextBoxFormTest" time="5.395">
    <failure message="Email not found in output expected [true] but found [false]" type="java.lang.AssertionError"><![CDATA[java.lang.AssertionError: Email not found in output expected [true] but found [false]
	at org.testng.Assert.fail(Assert.java:111)
	at org.testng.Assert.failNotEquals(Assert.java:1578)
	at org.testng.Assert.assertTrue(Assert.java:57)
	at com.automation.demo.tests.TextBoxFormTest.testTextBoxForm(TextBoxFormTest.java:37)
	at java.base/jdk.internal.reflect.DirectMethodHandleAccessor.invoke(DirectMethodHandleAccessor.java:103)
	at java.base/java.lang.reflect.Method.invoke(Method.java:580)
	at org.testng.internal.invokers.MethodInvocationHelper.invokeMethod(MethodInvocationHelper.java:141)
	at org.testng.internal.invokers.TestInvoker.invokeMethod(TestInvoker.java:686)
	at org.testng.internal.invokers.TestInvoker.retryFailed(TestInvoker.java:269)
	at org.testng.internal.invokers.MethodRunner.runInSequence(MethodRunner.java:76)
	at org.testng.internal.invokers.TestInvoker$MethodInvocationAgent.invoke(TestInvoker.java:992)
	at org.testng.internal.invokers.TestInvoker.invokeTestMethods(TestInvoker.java:203)
	at org.testng.internal.invokers.TestMethodWorker.invokeTestMethods(TestMethodWorker.java:154)
	at org.testng.internal.invokers.TestMethodWorker.run(TestMethodWorker.java:134)
	at java.base/java.util.concurrent.Executors$RunnableAdapter.call(Executors.java:572)
	at java.base/java.util.concurrent.FutureTask.run(FutureTask.java:317)
	at org.testng.internal.thread.graph.TestNGFutureTask.run(TestNGFutureTask.java:22)
	at java.base/java.util.concurrent.ThreadPoolExecutor.runWorker(ThreadPoolExecutor.java:1144)
	at java.base/java.util.concurrent.ThreadPoolExecutor$Worker.run(ThreadPoolExecutor.java:642)
	at java.base/java.lang.Thread.run(Thread.java:1583)
]]></failure>
    <system-out><![CDATA[2025-07-22 20:56:59.912 [TestNG-test-Text Box Tests-1] INFO  com.automation.demo.tests.BaseTest - Test passed: testTextBoxForm
2025-07-22 20:56:59.912 [TestNG-test-Text Box Tests-1] INFO  com.automation.demo.tests.BaseTest - Closing the browser
2025-07-22 20:57:00.931 [TestNG-test-Text Box Tests-1] INFO  com.automation.demo.tests.BaseTest - Browser closed and driver unloaded
Teardown finished in thread: 35
2025-07-22 20:57:00.931 [TestNG-test-Text Box Tests-1] DEBUG com.automation.demo.tests.BaseTest - Browser selected from TestNG XML/Maven parameter: chrome
2025-07-22 20:57:00.931 [TestNG-test-Text Box Tests-1] INFO  com.automation.demo.utils.DriverFactory - chrome browser is selected for execution
2025-07-22 20:57:02.704 [TestNG-test-Text Box Tests-1] INFO  com.automation.demo.tests.BaseTest - Webdriver initialized for browser: chrome
Browser opened in thread: 35
Navigated to: https://demoqa.com/text-box
2025-07-22 20:57:05.840 [TestNG-test-Text Box Tests-1] DEBUG com.automation.demo.pageobjects.BasePage - BasePage initialized with WebDriverWait for 10 seconds.
2025-07-22 20:57:05.842 [TestNG-test-Text Box Tests-1] DEBUG com.automation.demo.pageobjects.TextBoxPage - TextBoxPage initialized with WebDriver using PageFactory.
2025-07-22 20:57:05.843 [TestNG-test-Text Box Tests-1] INFO  com.automation.demo.pageobjects.BasePage - Waiting for WebElement to be visible.
2025-07-22 20:57:05.881 [TestNG-test-Text Box Tests-1] INFO  com.automation.demo.pageobjects.BasePage - Entering text 'Ujjawal Verma' into WebElement.
2025-07-22 20:57:06.074 [TestNG-test-Text Box Tests-1] INFO  com.automation.demo.pageobjects.TextBoxPage - Entering email: ujjawal@example.com
2025-07-22 20:57:06.074 [TestNG-test-Text Box Tests-1] INFO  com.automation.demo.pageobjects.BasePage - Waiting for WebElement to be visible.
2025-07-22 20:57:06.195 [TestNG-test-Text Box Tests-1] INFO  com.automation.demo.pageobjects.BasePage - Entering text 'ujjawal@example.com' into WebElement.
2025-07-22 20:57:06.533 [TestNG-test-Text Box Tests-1] INFO  com.automation.demo.pageobjects.BasePage - Waiting for WebElement to be visible.
2025-07-22 20:57:06.584 [TestNG-test-Text Box Tests-1] INFO  com.automation.demo.pageobjects.BasePage - Entering text '123 Test Lane' into WebElement.
2025-07-22 20:57:07.027 [TestNG-test-Text Box Tests-1] INFO  com.automation.demo.pageobjects.BasePage - Waiting for WebElement to be visible.
2025-07-22 20:57:07.103 [TestNG-test-Text Box Tests-1] INFO  com.automation.demo.pageobjects.BasePage - Entering text '456 Automation St' into WebElement.
2025-07-22 20:57:07.447 [TestNG-test-Text Box Tests-1] INFO  com.automation.demo.pageobjects.BasePage - Scrolling WebElement into view.
2025-07-22 20:57:07.522 [TestNG-test-Text Box Tests-1] INFO  com.automation.demo.pageobjects.BasePage - Waiting for WebElement to be clickable.
2025-07-22 20:57:07.639 [TestNG-test-Text Box Tests-1] INFO  com.automation.demo.pageobjects.BasePage - Clicking on WebElement.
2025-07-22 20:57:07.918 [TestNG-test-Text Box Tests-1] INFO  com.automation.demo.pageobjects.BasePage - Waiting for WebElement to be visible.
2025-07-22 20:57:08.092 [TestNG-test-Text Box Tests-1] INFO  com.automation.demo.pageobjects.BasePage - Getting text from WebElement - Text: Name:Ujjawal Verma
Email:ujjawal@example.com
Current Address :123 Test Lane
Permananet Address :456 Automation St
2025-07-22 20:57:08.095 [TestNG-test-Text Box Tests-1] INFO  com.automation.demo.utils.TestRetryAnalyzer - Test method 'testTextBoxForm' will not be retried further after 1 attempt(s).
]]></system-out>
    <system-err><![CDATA[Jul 22, 2025 8:57:02 PM org.openqa.selenium.devtools.CdpVersionFinder findNearestMatch
WARNING: Unable to find CDP implementation matching 138
Jul 22, 2025 8:57:02 PM org.openqa.selenium.chromium.ChromiumDriver lambda$new$5
WARNING: Unable to find version of CDP to use for 138.0.7204.158. You may need to include a dependency on a specific version of the CDP using something similar to `org.seleniumhq.selenium:selenium-devtools-v86:4.22.0` where the version ("v86") matches the version of the chromium-based browser you're using and the version number of the artifact is the same as Selenium's.
]]></system-err>
  </testcase>
  <testcase name="testTextBoxForm[John Doe, john@example.com, 456 A St, 789 B Ave](3)" classname="com.automation.demo.tests.TextBoxFormTest" time="0.0">
    <skipped message="Email not found in output expected [true] but found [false]"/>
    <system-out><![CDATA[2025-07-22 20:57:08.106 [TestNG-test-Text Box Tests-1] ERROR com.automation.demo.tests.BaseTest - Test failed: testTextBoxForm.FAILED! Taking screenshot.
2025-07-22 20:57:08.335 [TestNG-test-Text Box Tests-1] INFO  com.automation.demo.utils.ScreenshotUtil - Created screenshot directory: C:\Users\ujjawalverma\SeleniumDemo\target\screenshots
2025-07-22 20:57:08.357 [TestNG-test-Text Box Tests-1] INFO  com.automation.demo.utils.ScreenshotUtil - Screenshot saved to: C:\Users\ujjawalverma\SeleniumDemo\target\screenshots\testTextBoxForm_1753198028335.png
2025-07-22 20:57:08.358 [TestNG-test-Text Box Tests-1] INFO  com.automation.demo.tests.BaseTest - Closing the browser
2025-07-22 20:57:09.744 [TestNG-test-Text Box Tests-1] INFO  com.automation.demo.tests.BaseTest - Browser closed and driver unloaded
Teardown finished in thread: 35
2025-07-22 20:57:09.747 [TestNG-test-Text Box Tests-1] DEBUG com.automation.demo.tests.BaseTest - Browser selected from TestNG XML/Maven parameter: chrome
2025-07-22 20:57:09.749 [TestNG-test-Text Box Tests-1] INFO  com.automation.demo.utils.DriverFactory - chrome browser is selected for execution
2025-07-22 20:57:12.072 [TestNG-test-Text Box Tests-1] INFO  com.automation.demo.tests.BaseTest - Webdriver initialized for browser: chrome
Browser opened in thread: 35
Navigated to: https://demoqa.com/text-box
2025-07-22 20:57:15.946 [TestNG-test-Text Box Tests-1] DEBUG com.automation.demo.pageobjects.BasePage - BasePage initialized with WebDriverWait for 10 seconds.
2025-07-22 20:57:15.947 [TestNG-test-Text Box Tests-1] DEBUG com.automation.demo.pageobjects.TextBoxPage - TextBoxPage initialized with WebDriver using PageFactory.
2025-07-22 20:57:15.948 [TestNG-test-Text Box Tests-1] INFO  com.automation.demo.pageobjects.BasePage - Waiting for WebElement to be visible.
2025-07-22 20:57:16.002 [TestNG-test-Text Box Tests-1] INFO  com.automation.demo.pageobjects.BasePage - Entering text 'John Doe' into WebElement.
2025-07-22 20:57:16.470 [TestNG-test-Text Box Tests-1] INFO  com.automation.demo.pageobjects.TextBoxPage - Entering email: john@example.com
2025-07-22 20:57:16.470 [TestNG-test-Text Box Tests-1] INFO  com.automation.demo.pageobjects.BasePage - Waiting for WebElement to be visible.
2025-07-22 20:57:16.570 [TestNG-test-Text Box Tests-1] INFO  com.automation.demo.pageobjects.BasePage - Entering text 'john@example.com' into WebElement.
2025-07-22 20:57:17.074 [TestNG-test-Text Box Tests-1] INFO  com.automation.demo.pageobjects.BasePage - Waiting for WebElement to be visible.
2025-07-22 20:57:17.131 [TestNG-test-Text Box Tests-1] INFO  com.automation.demo.pageobjects.BasePage - Entering text '456 A St' into WebElement.
2025-07-22 20:57:17.415 [TestNG-test-Text Box Tests-1] INFO  com.automation.demo.pageobjects.BasePage - Waiting for WebElement to be visible.
2025-07-22 20:57:17.471 [TestNG-test-Text Box Tests-1] INFO  com.automation.demo.pageobjects.BasePage - Entering text '789 B Ave' into WebElement.
2025-07-22 20:57:17.699 [TestNG-test-Text Box Tests-1] INFO  com.automation.demo.pageobjects.BasePage - Scrolling WebElement into view.
2025-07-22 20:57:17.752 [TestNG-test-Text Box Tests-1] INFO  com.automation.demo.pageobjects.BasePage - Waiting for WebElement to be clickable.
2025-07-22 20:57:17.833 [TestNG-test-Text Box Tests-1] INFO  com.automation.demo.pageobjects.BasePage - Clicking on WebElement.
2025-07-22 20:57:18.063 [TestNG-test-Text Box Tests-1] INFO  com.automation.demo.pageobjects.BasePage - Waiting for WebElement to be visible.
2025-07-22 20:57:18.205 [TestNG-test-Text Box Tests-1] INFO  com.automation.demo.pageobjects.BasePage - Getting text from WebElement - Text: Name:John Doe
Email:john@example.com
Current Address :456 A St
Permananet Address :789 B Ave
2025-07-22 20:57:18.207 [TestNG-test-Text Box Tests-1] WARN  com.automation.demo.utils.TestRetryAnalyzer - Retrying test method 'testTextBoxForm' for the 1 time(s).
]]></system-out>
    <system-err><![CDATA[Jul 22, 2025 8:57:12 PM org.openqa.selenium.devtools.CdpVersionFinder findNearestMatch
WARNING: Unable to find CDP implementation matching 138
Jul 22, 2025 8:57:12 PM org.openqa.selenium.chromium.ChromiumDriver lambda$new$5
WARNING: Unable to find version of CDP to use for 138.0.7204.158. You may need to include a dependency on a specific version of the CDP using something similar to `org.seleniumhq.selenium:selenium-devtools-v86:4.22.0` where the version ("v86") matches the version of the chromium-based browser you're using and the version number of the artifact is the same as Selenium's.
]]></system-err>
  </testcase>
  <testcase name="testTextBoxForm[John Doe, john@example.com, 456 A St, 789 B Ave](4)" classname="com.automation.demo.tests.TextBoxFormTest" time="6.482">
    <failure message="Email not found in output expected [true] but found [false]" type="java.lang.AssertionError"><![CDATA[java.lang.AssertionError: Email not found in output expected [true] but found [false]
	at org.testng.Assert.fail(Assert.java:111)
	at org.testng.Assert.failNotEquals(Assert.java:1578)
	at org.testng.Assert.assertTrue(Assert.java:57)
	at com.automation.demo.tests.TextBoxFormTest.testTextBoxForm(TextBoxFormTest.java:37)
	at java.base/jdk.internal.reflect.DirectMethodHandleAccessor.invoke(DirectMethodHandleAccessor.java:103)
	at java.base/java.lang.reflect.Method.invoke(Method.java:580)
	at org.testng.internal.invokers.MethodInvocationHelper.invokeMethod(MethodInvocationHelper.java:141)
	at org.testng.internal.invokers.TestInvoker.invokeMethod(TestInvoker.java:686)
	at org.testng.internal.invokers.TestInvoker.retryFailed(TestInvoker.java:269)
	at org.testng.internal.invokers.MethodRunner.runInSequence(MethodRunner.java:76)
	at org.testng.internal.invokers.TestInvoker$MethodInvocationAgent.invoke(TestInvoker.java:992)
	at org.testng.internal.invokers.TestInvoker.invokeTestMethods(TestInvoker.java:203)
	at org.testng.internal.invokers.TestMethodWorker.invokeTestMethods(TestMethodWorker.java:154)
	at org.testng.internal.invokers.TestMethodWorker.run(TestMethodWorker.java:134)
	at java.base/java.util.concurrent.Executors$RunnableAdapter.call(Executors.java:572)
	at java.base/java.util.concurrent.FutureTask.run(FutureTask.java:317)
	at org.testng.internal.thread.graph.TestNGFutureTask.run(TestNGFutureTask.java:22)
	at java.base/java.util.concurrent.ThreadPoolExecutor.runWorker(ThreadPoolExecutor.java:1144)
	at java.base/java.util.concurrent.ThreadPoolExecutor$Worker.run(ThreadPoolExecutor.java:642)
	at java.base/java.lang.Thread.run(Thread.java:1583)
]]></failure>
    <system-out><![CDATA[2025-07-22 20:57:18.209 [TestNG-test-Text Box Tests-1] INFO  com.automation.demo.tests.BaseTest - Test passed: testTextBoxForm
2025-07-22 20:57:18.210 [TestNG-test-Text Box Tests-1] INFO  com.automation.demo.tests.BaseTest - Closing the browser
2025-07-22 20:57:19.201 [TestNG-test-Text Box Tests-1] INFO  com.automation.demo.tests.BaseTest - Browser closed and driver unloaded
Teardown finished in thread: 35
2025-07-22 20:57:19.201 [TestNG-test-Text Box Tests-1] DEBUG com.automation.demo.tests.BaseTest - Browser selected from TestNG XML/Maven parameter: chrome
2025-07-22 20:57:19.201 [TestNG-test-Text Box Tests-1] INFO  com.automation.demo.utils.DriverFactory - chrome browser is selected for execution
2025-07-22 20:57:21.161 [TestNG-test-Text Box Tests-1] INFO  com.automation.demo.tests.BaseTest - Webdriver initialized for browser: chrome
Browser opened in thread: 35
Navigated to: https://demoqa.com/text-box
2025-07-22 20:57:25.242 [TestNG-test-Text Box Tests-1] DEBUG com.automation.demo.pageobjects.BasePage - BasePage initialized with WebDriverWait for 10 seconds.
2025-07-22 20:57:25.242 [TestNG-test-Text Box Tests-1] DEBUG com.automation.demo.pageobjects.TextBoxPage - TextBoxPage initialized with WebDriver using PageFactory.
2025-07-22 20:57:25.242 [TestNG-test-Text Box Tests-1] INFO  com.automation.demo.pageobjects.BasePage - Waiting for WebElement to be visible.
2025-07-22 20:57:25.282 [TestNG-test-Text Box Tests-1] INFO  com.automation.demo.pageobjects.BasePage - Entering text 'John Doe' into WebElement.
2025-07-22 20:57:25.845 [TestNG-test-Text Box Tests-1] INFO  com.automation.demo.pageobjects.TextBoxPage - Entering email: john@example.com
2025-07-22 20:57:25.845 [TestNG-test-Text Box Tests-1] INFO  com.automation.demo.pageobjects.BasePage - Waiting for WebElement to be visible.
2025-07-22 20:57:25.919 [TestNG-test-Text Box Tests-1] INFO  com.automation.demo.pageobjects.BasePage - Entering text 'john@example.com' into WebElement.
2025-07-22 20:57:26.366 [TestNG-test-Text Box Tests-1] INFO  com.automation.demo.pageobjects.BasePage - Waiting for WebElement to be visible.
2025-07-22 20:57:26.429 [TestNG-test-Text Box Tests-1] INFO  com.automation.demo.pageobjects.BasePage - Entering text '456 A St' into WebElement.
2025-07-22 20:57:26.689 [TestNG-test-Text Box Tests-1] INFO  com.automation.demo.pageobjects.BasePage - Waiting for WebElement to be visible.
2025-07-22 20:57:26.755 [TestNG-test-Text Box Tests-1] INFO  com.automation.demo.pageobjects.BasePage - Entering text '789 B Ave' into WebElement.
2025-07-22 20:57:27.038 [TestNG-test-Text Box Tests-1] INFO  com.automation.demo.pageobjects.BasePage - Scrolling WebElement into view.
2025-07-22 20:57:27.093 [TestNG-test-Text Box Tests-1] INFO  com.automation.demo.pageobjects.BasePage - Waiting for WebElement to be clickable.
2025-07-22 20:57:27.210 [TestNG-test-Text Box Tests-1] INFO  com.automation.demo.pageobjects.BasePage - Clicking on WebElement.
2025-07-22 20:57:27.472 [TestNG-test-Text Box Tests-1] INFO  com.automation.demo.pageobjects.BasePage - Waiting for WebElement to be visible.
2025-07-22 20:57:27.645 [TestNG-test-Text Box Tests-1] INFO  com.automation.demo.pageobjects.BasePage - Getting text from WebElement - Text: Name:John Doe
Email:john@example.com
Current Address :456 A St
Permananet Address :789 B Ave
2025-07-22 20:57:27.646 [TestNG-test-Text Box Tests-1] INFO  com.automation.demo.utils.TestRetryAnalyzer - Test method 'testTextBoxForm' will not be retried further after 1 attempt(s).
]]></system-out>
    <system-err><![CDATA[Jul 22, 2025 8:57:21 PM org.openqa.selenium.devtools.CdpVersionFinder findNearestMatch
WARNING: Unable to find CDP implementation matching 138
Jul 22, 2025 8:57:21 PM org.openqa.selenium.chromium.ChromiumDriver lambda$new$5
WARNING: Unable to find version of CDP to use for 138.0.7204.158. You may need to include a dependency on a specific version of the CDP using something similar to `org.seleniumhq.selenium:selenium-devtools-v86:4.22.0` where the version ("v86") matches the version of the chromium-based browser you're using and the version number of the artifact is the same as Selenium's.
]]></system-err>
  </testcase>
</testsuite>